{"/Users/yubai/amio/amio-app/src/app.config.ts": {"path":"/Users/yubai/amio/amio-app/src/app.config.ts","statementMap":{},"fnMap":{},"branchMap":{},"s":{},"f":{},"b":{}}
,"/Users/yubai/amio/amio-app/src/components/PlanetView/index.ts": {"path":"/Users/yubai/amio/amio-app/src/components/PlanetView/index.ts","statementMap":{},"fnMap":{},"branchMap":{},"s":{},"f":{},"b":{}}
,"/Users/yubai/amio/amio-app/src/components/StarTrail/index.ts": {"path":"/Users/yubai/amio/amio-app/src/components/StarTrail/index.ts","statementMap":{},"fnMap":{},"branchMap":{},"s":{},"f":{},"b":{}}
,"/Users/yubai/amio/amio-app/src/components/WorldScene/index.ts": {"path":"/Users/yubai/amio/amio-app/src/components/WorldScene/index.ts","statementMap":{},"fnMap":{},"branchMap":{},"s":{},"f":{},"b":{}}
,"/Users/yubai/amio/amio-app/src/constants/game.ts": {"path":"/Users/yubai/amio/amio-app/src/constants/game.ts","statementMap":{"0":{"start":{"line":23,"column":25},"end":{"line":23,"column":26}}},"fnMap":{},"branchMap":{},"s":{"0":1},"f":{},"b":{},"_coverageSchema":"1a1c01bbd47fc00a2c39e90264f33305004495a9","hash":"3f9963efda5e87c021d8cb52d89db859b86dba10"}
,"/Users/yubai/amio/amio-app/src/constants/icons.ts": {"path":"/Users/yubai/amio/amio-app/src/constants/icons.ts","statementMap":{"0":{"start":{"line":1,"column":21},"end":{"line":11,"column":1}}},"fnMap":{},"branchMap":{},"s":{"0":0},"f":{},"b":{}}
,"/Users/yubai/amio/amio-app/src/constants/storyData.ts": {"path":"/Users/yubai/amio/amio-app/src/constants/storyData.ts","statementMap":{"0":{"start":{"line":18,"column":39},"end":{"line":61,"column":1}},"1":{"start":{"line":67,"column":29},"end":{"line":69,"column":1}},"2":{"start":{"line":68,"column":4},"end":{"line":68,"column":60}},"3":{"start":{"line":68,"column":33},"end":{"line":68,"column":50}},"4":{"start":{"line":74,"column":31},"end":{"line":76,"column":1}},"5":{"start":{"line":75,"column":4},"end":{"line":75,"column":26}}},"fnMap":{"0":{"name":"(anonymous_0)","decl":{"start":{"line":67,"column":29},"end":{"line":67,"column":30}},"loc":{"start":{"line":67,"column":67},"end":{"line":69,"column":1}},"line":67},"1":{"name":"(anonymous_1)","decl":{"start":{"line":68,"column":24},"end":{"line":68,"column":25}},"loc":{"start":{"line":68,"column":33},"end":{"line":68,"column":50}},"line":68},"2":{"name":"(anonymous_2)","decl":{"start":{"line":74,"column":31},"end":{"line":74,"column":32}},"loc":{"start":{"line":74,"column":45},"end":{"line":76,"column":1}},"line":74}},"branchMap":{"0":{"loc":{"start":{"line":68,"column":11},"end":{"line":68,"column":59}},"type":"binary-expr","locations":[{"start":{"line":68,"column":11},"end":{"line":68,"column":51}},{"start":{"line":68,"column":55},"end":{"line":68,"column":59}}],"line":68}},"s":{"0":0,"1":0,"2":0,"3":0,"4":0,"5":0},"f":{"0":0,"1":0,"2":0},"b":{"0":[0,0]}}
,"/Users/yubai/amio/amio-app/src/constants/themes.ts": {"path":"/Users/yubai/amio/amio-app/src/constants/themes.ts","statementMap":{"0":{"start":{"line":18,"column":37},"end":{"line":43,"column":1}},"1":{"start":{"line":45,"column":28},"end":{"line":46,"column":44}},"2":{"start":{"line":46,"column":2},"end":{"line":46,"column":44}},"3":{"start":{"line":46,"column":19},"end":{"line":46,"column":30}}},"fnMap":{"0":{"name":"(anonymous_0)","decl":{"start":{"line":45,"column":28},"end":{"line":45,"column":29}},"loc":{"start":{"line":46,"column":2},"end":{"line":46,"column":44}},"line":46},"1":{"name":"(anonymous_1)","decl":{"start":{"line":46,"column":14},"end":{"line":46,"column":15}},"loc":{"start":{"line":46,"column":19},"end":{"line":46,"column":30}},"line":46}},"branchMap":{"0":{"loc":{"start":{"line":46,"column":2},"end":{"line":46,"column":44}},"type":"binary-expr","locations":[{"start":{"line":46,"column":2},"end":{"line":46,"column":31}},{"start":{"line":46,"column":35},"end":{"line":46,"column":44}}],"line":46}},"s":{"0":0,"1":0,"2":0,"3":0},"f":{"0":0,"1":0},"b":{"0":[0,0]}}
,"/Users/yubai/amio/amio-app/src/hooks/useTheme.ts": {"path":"/Users/yubai/amio/amio-app/src/hooks/useTheme.ts","statementMap":{"0":{"start":{"line":7,"column":27},"end":{"line":7,"column":41}},"1":{"start":{"line":10,"column":16},"end":{"line":10,"column":37}},"2":{"start":{"line":11,"column":2},"end":{"line":20,"column":3}},"3":{"start":{"line":12,"column":4},"end":{"line":17,"column":6}},"4":{"start":{"line":19,"column":4},"end":{"line":19,"column":56}},"5":{"start":{"line":24,"column":32},"end":{"line":24,"column":68}},"6":{"start":{"line":24,"column":47},"end":{"line":24,"column":67}},"7":{"start":{"line":26,"column":21},"end":{"line":26,"column":39}},"8":{"start":{"line":28,"column":22},"end":{"line":33,"column":8}},"9":{"start":{"line":29,"column":4},"end":{"line":29,"column":34}},"10":{"start":{"line":30,"column":4},"end":{"line":30,"column":26}},"11":{"start":{"line":31,"column":4},"end":{"line":31,"column":32}},"12":{"start":{"line":32,"column":4},"end":{"line":32,"column":60}},"13":{"start":{"line":36,"column":2},"end":{"line":44,"column":8}},"14":{"start":{"line":37,"column":20},"end":{"line":39,"column":5}},"15":{"start":{"line":38,"column":6},"end":{"line":38,"column":28}},"16":{"start":{"line":40,"column":4},"end":{"line":40,"column":52}},"17":{"start":{"line":41,"column":4},"end":{"line":43,"column":5}},"18":{"start":{"line":42,"column":6},"end":{"line":42,"column":55}},"19":{"start":{"line":47,"column":2},"end":{"line":50,"column":8}},"20":{"start":{"line":48,"column":4},"end":{"line":48,"column":29}},"21":{"start":{"line":52,"column":2},"end":{"line":52,"column":45}}},"fnMap":{"0":{"name":"applyTabBarStyle","decl":{"start":{"line":9,"column":9},"end":{"line":9,"column":25}},"loc":{"start":{"line":9,"column":49},"end":{"line":21,"column":1}},"line":9},"1":{"name":"useTheme","decl":{"start":{"line":23,"column":16},"end":{"line":23,"column":24}},"loc":{"start":{"line":23,"column":27},"end":{"line":53,"column":1}},"line":23},"2":{"name":"(anonymous_2)","decl":{"start":{"line":24,"column":41},"end":{"line":24,"column":42}},"loc":{"start":{"line":24,"column":47},"end":{"line":24,"column":67}},"line":24},"3":{"name":"(anonymous_3)","decl":{"start":{"line":28,"column":34},"end":{"line":28,"column":35}},"loc":{"start":{"line":28,"column":58},"end":{"line":33,"column":3}},"line":28},"4":{"name":"(anonymous_4)","decl":{"start":{"line":36,"column":12},"end":{"line":36,"column":13}},"loc":{"start":{"line":36,"column":18},"end":{"line":44,"column":3}},"line":36},"5":{"name":"(anonymous_5)","decl":{"start":{"line":37,"column":20},"end":{"line":37,"column":21}},"loc":{"start":{"line":37,"column":44},"end":{"line":39,"column":5}},"line":37},"6":{"name":"(anonymous_6)","decl":{"start":{"line":41,"column":11},"end":{"line":41,"column":12}},"loc":{"start":{"line":41,"column":17},"end":{"line":43,"column":5}},"line":41},"7":{"name":"(anonymous_7)","decl":{"start":{"line":47,"column":12},"end":{"line":47,"column":13}},"loc":{"start":{"line":47,"column":18},"end":{"line":50,"column":3}},"line":47}},"branchMap":{},"s":{"0":0,"1":0,"2":0,"3":0,"4":0,"5":0,"6":0,"7":0,"8":0,"9":0,"10":0,"11":0,"12":0,"13":0,"14":0,"15":0,"16":0,"17":0,"18":0,"19":0,"20":0,"21":0},"f":{"0":0,"1":0,"2":0,"3":0,"4":0,"5":0,"6":0,"7":0},"b":{}}
,"/Users/yubai/amio/amio-app/src/pages/index/index.config.ts": {"path":"/Users/yubai/amio/amio-app/src/pages/index/index.config.ts","statementMap":{},"fnMap":{},"branchMap":{},"s":{},"f":{},"b":{}}
,"/Users/yubai/amio/amio-app/src/utils/chestLogic.ts": {"path":"/Users/yubai/amio/amio-app/src/utils/chestLogic.ts","statementMap":{"0":{"start":{"line":16,"column":34},"end":{"line":16,"column":39}},"1":{"start":{"line":19,"column":2},"end":{"line":23,"column":3}},"2":{"start":{"line":20,"column":4},"end":{"line":20,"column":51}},"3":{"start":{"line":20,"column":25},"end":{"line":20,"column":51}},"4":{"start":{"line":21,"column":4},"end":{"line":21,"column":48}},"5":{"start":{"line":21,"column":25},"end":{"line":21,"column":48}},"6":{"start":{"line":22,"column":4},"end":{"line":22,"column":29}},"7":{"start":{"line":26,"column":2},"end":{"line":29,"column":3}},"8":{"start":{"line":27,"column":4},"end":{"line":27,"column":47}},"9":{"start":{"line":27,"column":24},"end":{"line":27,"column":47}},"10":{"start":{"line":28,"column":4},"end":{"line":28,"column":29}},"11":{"start":{"line":32,"column":2},"end":{"line":35,"column":3}},"12":{"start":{"line":33,"column":4},"end":{"line":33,"column":49}},"13":{"start":{"line":33,"column":24},"end":{"line":33,"column":49}},"14":{"start":{"line":34,"column":4},"end":{"line":34,"column":29}},"15":{"start":{"line":38,"column":2},"end":{"line":41,"column":3}},"16":{"start":{"line":39,"column":4},"end":{"line":39,"column":49}},"17":{"start":{"line":39,"column":24},"end":{"line":39,"column":49}},"18":{"start":{"line":40,"column":4},"end":{"line":40,"column":29}},"19":{"start":{"line":44,"column":2},"end":{"line":44,"column":27}},"20":{"start":{"line":55,"column":2},"end":{"line":64,"column":3}},"21":{"start":{"line":57,"column":6},"end":{"line":57,"column":61}},"22":{"start":{"line":59,"column":6},"end":{"line":59,"column":61}},"23":{"start":{"line":61,"column":6},"end":{"line":61,"column":61}},"24":{"start":{"line":63,"column":6},"end":{"line":63,"column":61}},"25":{"start":{"line":76,"column":2},"end":{"line":93,"column":3}},"26":{"start":{"line":78,"column":6},"end":{"line":80,"column":8}},"27":{"start":{"line":82,"column":6},"end":{"line":84,"column":8}},"28":{"start":{"line":86,"column":6},"end":{"line":88,"column":8}},"29":{"start":{"line":90,"column":6},"end":{"line":92,"column":8}},"30":{"start":{"line":104,"column":2},"end":{"line":113,"column":3}},"31":{"start":{"line":106,"column":6},"end":{"line":106,"column":31}},"32":{"start":{"line":108,"column":6},"end":{"line":108,"column":34}},"33":{"start":{"line":110,"column":6},"end":{"line":110,"column":51}},"34":{"start":{"line":112,"column":6},"end":{"line":112,"column":54}},"35":{"start":{"line":120,"column":2},"end":{"line":126,"column":4}},"36":{"start":{"line":133,"column":28},"end":{"line":133,"column":30}},"37":{"start":{"line":134,"column":18},"end":{"line":134,"column":49}},"38":{"start":{"line":137,"column":2},"end":{"line":139,"column":3}},"39":{"start":{"line":138,"column":4},"end":{"line":138,"column":32}},"40":{"start":{"line":142,"column":2},"end":{"line":144,"column":3}},"41":{"start":{"line":143,"column":4},"end":{"line":143,"column":32}},"42":{"start":{"line":147,"column":2},"end":{"line":159,"column":3}},"43":{"start":{"line":148,"column":4},"end":{"line":158,"column":5}},"44":{"start":{"line":150,"column":26},"end":{"line":150,"column":51}},"45":{"start":{"line":151,"column":6},"end":{"line":155,"column":7}},"46":{"start":{"line":153,"column":21},"end":{"line":153,"column":56}},"47":{"start":{"line":154,"column":8},"end":{"line":154,"column":36}},"48":{"start":{"line":157,"column":6},"end":{"line":157,"column":36}},"49":{"start":{"line":162,"column":2},"end":{"line":172,"column":3}},"50":{"start":{"line":163,"column":4},"end":{"line":171,"column":5}},"51":{"start":{"line":164,"column":26},"end":{"line":164,"column":52}},"52":{"start":{"line":165,"column":6},"end":{"line":168,"column":7}},"53":{"start":{"line":166,"column":21},"end":{"line":166,"column":57}},"54":{"start":{"line":167,"column":8},"end":{"line":167,"column":37}},"55":{"start":{"line":170,"column":6},"end":{"line":170,"column":37}},"56":{"start":{"line":174,"column":2},"end":{"line":174,"column":17}}},"fnMap":{"0":{"name":"calculateChestLevel","decl":{"start":{"line":15,"column":16},"end":{"line":15,"column":35}},"loc":{"start":{"line":15,"column":66},"end":{"line":45,"column":1}},"line":15},"1":{"name":"getChestLevelInfo","decl":{"start":{"line":50,"column":16},"end":{"line":50,"column":33}},"loc":{"start":{"line":54,"column":2},"end":{"line":65,"column":1}},"line":54},"2":{"name":"getChestRewardDetails","decl":{"start":{"line":70,"column":16},"end":{"line":70,"column":37}},"loc":{"start":{"line":75,"column":4},"end":{"line":94,"column":1}},"line":75},"3":{"name":"upgradeChestForHero","decl":{"start":{"line":103,"column":16},"end":{"line":103,"column":35}},"loc":{"start":{"line":103,"column":77},"end":{"line":114,"column":1}},"line":103},"4":{"name":"createInitialStats","decl":{"start":{"line":119,"column":16},"end":{"line":119,"column":34}},"loc":{"start":{"line":119,"column":48},"end":{"line":127,"column":1}},"line":119},"5":{"name":"generateRewardsFromChest","decl":{"start":{"line":132,"column":16},"end":{"line":132,"column":40}},"loc":{"start":{"line":132,"column":70},"end":{"line":175,"column":1}},"line":132}},"branchMap":{"0":{"loc":{"start":{"line":19,"column":2},"end":{"line":23,"column":3}},"type":"if","locations":[{"start":{"line":19,"column":2},"end":{"line":23,"column":3}},{"start":{},"end":{}}],"line":19},"1":{"loc":{"start":{"line":20,"column":4},"end":{"line":20,"column":51}},"type":"if","locations":[{"start":{"line":20,"column":4},"end":{"line":20,"column":51}},{"start":{},"end":{}}],"line":20},"2":{"loc":{"start":{"line":21,"column":4},"end":{"line":21,"column":48}},"type":"if","locations":[{"start":{"line":21,"column":4},"end":{"line":21,"column":48}},{"start":{},"end":{}}],"line":21},"3":{"loc":{"start":{"line":26,"column":2},"end":{"line":29,"column":3}},"type":"if","locations":[{"start":{"line":26,"column":2},"end":{"line":29,"column":3}},{"start":{},"end":{}}],"line":26},"4":{"loc":{"start":{"line":27,"column":4},"end":{"line":27,"column":47}},"type":"if","locations":[{"start":{"line":27,"column":4},"end":{"line":27,"column":47}},{"start":{},"end":{}}],"line":27},"5":{"loc":{"start":{"line":32,"column":2},"end":{"line":35,"column":3}},"type":"if","locations":[{"start":{"line":32,"column":2},"end":{"line":35,"column":3}},{"start":{},"end":{}}],"line":32},"6":{"loc":{"start":{"line":33,"column":4},"end":{"line":33,"column":49}},"type":"if","locations":[{"start":{"line":33,"column":4},"end":{"line":33,"column":49}},{"start":{},"end":{}}],"line":33},"7":{"loc":{"start":{"line":38,"column":2},"end":{"line":41,"column":3}},"type":"if","locations":[{"start":{"line":38,"column":2},"end":{"line":41,"column":3}},{"start":{},"end":{}}],"line":38},"8":{"loc":{"start":{"line":38,"column":6},"end":{"line":38,"column":36}},"type":"binary-expr","locations":[{"start":{"line":38,"column":6},"end":{"line":38,"column":19}},{"start":{"line":38,"column":23},"end":{"line":38,"column":36}}],"line":38},"9":{"loc":{"start":{"line":39,"column":4},"end":{"line":39,"column":49}},"type":"if","locations":[{"start":{"line":39,"column":4},"end":{"line":39,"column":49}},{"start":{},"end":{}}],"line":39},"10":{"loc":{"start":{"line":55,"column":2},"end":{"line":64,"column":3}},"type":"switch","locations":[{"start":{"line":56,"column":4},"end":{"line":57,"column":61}},{"start":{"line":58,"column":4},"end":{"line":59,"column":61}},{"start":{"line":60,"column":4},"end":{"line":61,"column":61}},{"start":{"line":62,"column":4},"end":{"line":63,"column":61}}],"line":55},"11":{"loc":{"start":{"line":76,"column":2},"end":{"line":93,"column":3}},"type":"switch","locations":[{"start":{"line":77,"column":4},"end":{"line":80,"column":8}},{"start":{"line":81,"column":4},"end":{"line":84,"column":8}},{"start":{"line":85,"column":4},"end":{"line":88,"column":8}},{"start":{"line":89,"column":4},"end":{"line":92,"column":8}}],"line":76},"12":{"loc":{"start":{"line":104,"column":2},"end":{"line":113,"column":3}},"type":"switch","locations":[{"start":{"line":105,"column":4},"end":{"line":106,"column":31}},{"start":{"line":107,"column":4},"end":{"line":108,"column":34}},{"start":{"line":109,"column":4},"end":{"line":110,"column":51}},{"start":{"line":111,"column":4},"end":{"line":112,"column":54}}],"line":104},"13":{"loc":{"start":{"line":137,"column":2},"end":{"line":139,"column":3}},"type":"if","locations":[{"start":{"line":137,"column":2},"end":{"line":139,"column":3}},{"start":{},"end":{}}],"line":137},"14":{"loc":{"start":{"line":142,"column":2},"end":{"line":144,"column":3}},"type":"if","locations":[{"start":{"line":142,"column":2},"end":{"line":144,"column":3}},{"start":{},"end":{}}],"line":142},"15":{"loc":{"start":{"line":147,"column":2},"end":{"line":159,"column":3}},"type":"if","locations":[{"start":{"line":147,"column":2},"end":{"line":159,"column":3}},{"start":{},"end":{}}],"line":147},"16":{"loc":{"start":{"line":148,"column":4},"end":{"line":158,"column":5}},"type":"if","locations":[{"start":{"line":148,"column":4},"end":{"line":158,"column":5}},{"start":{"line":156,"column":11},"end":{"line":158,"column":5}}],"line":148},"17":{"loc":{"start":{"line":151,"column":6},"end":{"line":155,"column":7}},"type":"if","locations":[{"start":{"line":151,"column":6},"end":{"line":155,"column":7}},{"start":{},"end":{}}],"line":151},"18":{"loc":{"start":{"line":154,"column":21},"end":{"line":154,"column":34}},"type":"binary-expr","locations":[{"start":{"line":154,"column":21},"end":{"line":154,"column":25}},{"start":{"line":154,"column":29},"end":{"line":154,"column":34}}],"line":154},"19":{"loc":{"start":{"line":162,"column":2},"end":{"line":172,"column":3}},"type":"if","locations":[{"start":{"line":162,"column":2},"end":{"line":172,"column":3}},{"start":{},"end":{}}],"line":162},"20":{"loc":{"start":{"line":163,"column":4},"end":{"line":171,"column":5}},"type":"if","locations":[{"start":{"line":163,"column":4},"end":{"line":171,"column":5}},{"start":{"line":169,"column":11},"end":{"line":171,"column":5}}],"line":163},"21":{"loc":{"start":{"line":165,"column":6},"end":{"line":168,"column":7}},"type":"if","locations":[{"start":{"line":165,"column":6},"end":{"line":168,"column":7}},{"start":{},"end":{}}],"line":165},"22":{"loc":{"start":{"line":167,"column":21},"end":{"line":167,"column":35}},"type":"binary-expr","locations":[{"start":{"line":167,"column":21},"end":{"line":167,"column":25}},{"start":{"line":167,"column":29},"end":{"line":167,"column":35}}],"line":167}},"s":{"0":27,"1":27,"2":4,"3":1,"4":3,"5":1,"6":2,"7":23,"8":4,"9":2,"10":2,"11":19,"12":4,"13":3,"14":1,"15":15,"16":8,"17":4,"18":4,"19":7,"20":0,"21":0,"22":0,"23":0,"24":0,"25":0,"26":0,"27":0,"28":0,"29":0,"30":4,"31":1,"32":1,"33":1,"34":1,"35":0,"36":0,"37":0,"38":0,"39":0,"40":0,"41":0,"42":0,"43":0,"44":0,"45":0,"46":0,"47":0,"48":0,"49":0,"50":0,"51":0,"52":0,"53":0,"54":0,"55":0,"56":0},"f":{"0":27,"1":0,"2":0,"3":4,"4":0,"5":0},"b":{"0":[4,23],"1":[1,3],"2":[1,2],"3":[4,19],"4":[2,2],"5":[4,15],"6":[3,1],"7":[8,7],"8":[15,14],"9":[4,4],"10":[0,0,0,0],"11":[0,0,0,0],"12":[1,1,1,1],"13":[0,0],"14":[0,0],"15":[0,0],"16":[0,0],"17":[0,0],"18":[0,0],"19":[0,0],"20":[0,0],"21":[0,0],"22":[0,0]},"_coverageSchema":"1a1c01bbd47fc00a2c39e90264f33305004495a9","hash":"1ccaec22823b204a2aa249f24453dcec1a7bf639"}
,"/Users/yubai/amio/amio-app/src/utils/dailyLevel.ts": {"path":"/Users/yubai/amio/amio-app/src/utils/dailyLevel.ts","statementMap":{"0":{"start":{"line":5,"column":19},"end":{"line":13,"column":1}},"1":{"start":{"line":6,"column":15},"end":{"line":6,"column":16}},"2":{"start":{"line":7,"column":4},"end":{"line":11,"column":5}},"3":{"start":{"line":7,"column":17},"end":{"line":7,"column":18}},"4":{"start":{"line":8,"column":21},"end":{"line":8,"column":38}},"5":{"start":{"line":9,"column":8},"end":{"line":9,"column":43}},"6":{"start":{"line":10,"column":8},"end":{"line":10,"column":27}},"7":{"start":{"line":12,"column":4},"end":{"line":12,"column":26}},"8":{"start":{"line":16,"column":27},"end":{"line":22,"column":1}},"9":{"start":{"line":17,"column":16},"end":{"line":17,"column":20}},"10":{"start":{"line":18,"column":4},"end":{"line":21,"column":6}},"11":{"start":{"line":19,"column":8},"end":{"line":19,"column":58}},"12":{"start":{"line":20,"column":8},"end":{"line":20,"column":34}},"13":{"start":{"line":25,"column":34},"end":{"line":29,"column":1}},"14":{"start":{"line":26,"column":18},"end":{"line":26,"column":28}},"15":{"start":{"line":27,"column":23},"end":{"line":27,"column":140}},"16":{"start":{"line":28,"column":4},"end":{"line":28,"column":34}},"17":{"start":{"line":39,"column":35},"end":{"line":55,"column":1}},"18":{"start":{"line":40,"column":19},"end":{"line":40,"column":43}},"19":{"start":{"line":41,"column":40},"end":{"line":41,"column":42}},"20":{"start":{"line":43,"column":4},"end":{"line":49,"column":5}},"21":{"start":{"line":43,"column":17},"end":{"line":43,"column":18}},"22":{"start":{"line":44,"column":8},"end":{"line":48,"column":11}},"23":{"start":{"line":52,"column":4},"end":{"line":52,"column":48}},"24":{"start":{"line":52,"column":29},"end":{"line":52,"column":46}},"25":{"start":{"line":54,"column":4},"end":{"line":54,"column":21}},"26":{"start":{"line":58,"column":37},"end":{"line":86,"column":1}},"27":{"start":{"line":59,"column":18},"end":{"line":59,"column":41}},"28":{"start":{"line":60,"column":25},"end":{"line":60,"column":54}},"29":{"start":{"line":63,"column":40},"end":{"line":63,"column":42}},"30":{"start":{"line":64,"column":4},"end":{"line":67,"column":5}},"31":{"start":{"line":64,"column":17},"end":{"line":64,"column":18}},"32":{"start":{"line":65,"column":21},"end":{"line":65,"column":68}},"33":{"start":{"line":66,"column":8},"end":{"line":66,"column":47}},"34":{"start":{"line":70,"column":4},"end":{"line":73,"column":5}},"35":{"start":{"line":70,"column":17},"end":{"line":70,"column":43}},"36":{"start":{"line":71,"column":18},"end":{"line":71,"column":53}},"37":{"start":{"line":72,"column":8},"end":{"line":72,"column":92}},"38":{"start":{"line":76,"column":30},"end":{"line":83,"column":7}},"39":{"start":{"line":76,"column":58},"end":{"line":83,"column":5}},"40":{"start":{"line":85,"column":4},"end":{"line":85,"column":40}},"41":{"start":{"line":89,"column":34},"end":{"line":94,"column":1}},"42":{"start":{"line":90,"column":17},"end":{"line":90,"column":37}},"43":{"start":{"line":91,"column":23},"end":{"line":91,"column":39}},"44":{"start":{"line":92,"column":19},"end":{"line":92,"column":56}},"45":{"start":{"line":93,"column":4},"end":{"line":93,"column":41}}},"fnMap":{"0":{"name":"(anonymous_0)","decl":{"start":{"line":5,"column":19},"end":{"line":5,"column":20}},"loc":{"start":{"line":5,"column":44},"end":{"line":13,"column":1}},"line":5},"1":{"name":"(anonymous_1)","decl":{"start":{"line":16,"column":27},"end":{"line":16,"column":28}},"loc":{"start":{"line":16,"column":45},"end":{"line":22,"column":1}},"line":16},"2":{"name":"(anonymous_2)","decl":{"start":{"line":18,"column":11},"end":{"line":18,"column":12}},"loc":{"start":{"line":18,"column":17},"end":{"line":21,"column":5}},"line":18},"3":{"name":"(anonymous_3)","decl":{"start":{"line":25,"column":34},"end":{"line":25,"column":35}},"loc":{"start":{"line":25,"column":48},"end":{"line":29,"column":1}},"line":25},"4":{"name":"(anonymous_4)","decl":{"start":{"line":39,"column":35},"end":{"line":39,"column":36}},"loc":{"start":{"line":39,"column":96},"end":{"line":55,"column":1}},"line":39},"5":{"name":"(anonymous_5)","decl":{"start":{"line":52,"column":19},"end":{"line":52,"column":20}},"loc":{"start":{"line":52,"column":29},"end":{"line":52,"column":46}},"line":52},"6":{"name":"(anonymous_6)","decl":{"start":{"line":58,"column":37},"end":{"line":58,"column":38}},"loc":{"start":{"line":58,"column":79},"end":{"line":86,"column":1}},"line":58},"7":{"name":"(anonymous_7)","decl":{"start":{"line":76,"column":41},"end":{"line":76,"column":42}},"loc":{"start":{"line":76,"column":58},"end":{"line":83,"column":5}},"line":76},"8":{"name":"(anonymous_8)","decl":{"start":{"line":89,"column":34},"end":{"line":89,"column":35}},"loc":{"start":{"line":89,"column":77},"end":{"line":94,"column":1}},"line":89}},"branchMap":{"0":{"loc":{"start":{"line":39,"column":50},"end":{"line":39,"column":73}},"type":"default-arg","locations":[{"start":{"line":39,"column":71},"end":{"line":39,"column":73}}],"line":39},"1":{"loc":{"start":{"line":78,"column":14},"end":{"line":78,"column":53}},"type":"binary-expr","locations":[{"start":{"line":78,"column":14},"end":{"line":78,"column":36}},{"start":{"line":78,"column":40},"end":{"line":78,"column":53}}],"line":78},"2":{"loc":{"start":{"line":89,"column":35},"end":{"line":89,"column":60}},"type":"default-arg","locations":[{"start":{"line":89,"column":58},"end":{"line":89,"column":60}}],"line":89}},"s":{"0":0,"1":0,"2":0,"3":0,"4":0,"5":0,"6":0,"7":0,"8":0,"9":0,"10":0,"11":0,"12":0,"13":0,"14":0,"15":0,"16":0,"17":0,"18":0,"19":0,"20":0,"21":0,"22":0,"23":0,"24":0,"25":0,"26":0,"27":0,"28":0,"29":0,"30":0,"31":0,"32":0,"33":0,"34":0,"35":0,"36":0,"37":0,"38":0,"39":0,"40":0,"41":0,"42":0,"43":0,"44":0,"45":0},"f":{"0":0,"1":0,"2":0,"3":0,"4":0,"5":0,"6":0,"7":0,"8":0},"b":{"0":[0],"1":[0,0],"2":[0]}}
,"/Users/yubai/amio/amio-app/src/utils/energyLogic.ts": {"path":"/Users/yubai/amio/amio-app/src/utils/energyLogic.ts","statementMap":{"0":{"start":{"line":5,"column":27},"end":{"line":8,"column":1}},"1":{"start":{"line":11,"column":60},"end":{"line":16,"column":1}},"2":{"start":{"line":20,"column":2},"end":{"line":20,"column":35}},"3":{"start":{"line":20,"column":24},"end":{"line":20,"column":35}},"4":{"start":{"line":21,"column":2},"end":{"line":21,"column":35}},"5":{"start":{"line":21,"column":24},"end":{"line":21,"column":35}},"6":{"start":{"line":22,"column":2},"end":{"line":22,"column":34}},"7":{"start":{"line":22,"column":23},"end":{"line":22,"column":34}},"8":{"start":{"line":23,"column":2},"end":{"line":23,"column":13}},"9":{"start":{"line":32,"column":15},"end":{"line":32,"column":93}},"10":{"start":{"line":33,"column":20},"end":{"line":33,"column":48}},"11":{"start":{"line":34,"column":21},"end":{"line":34,"column":52}},"12":{"start":{"line":36,"column":2},"end":{"line":36,"column":51}},"13":{"start":{"line":40,"column":30},"end":{"line":47,"column":1}},"14":{"start":{"line":50,"column":29},"end":{"line":54,"column":1}},"15":{"start":{"line":58,"column":2},"end":{"line":58,"column":73}},"16":{"start":{"line":63,"column":2},"end":{"line":63,"column":40}},"17":{"start":{"line":63,"column":23},"end":{"line":63,"column":40}},"18":{"start":{"line":64,"column":2},"end":{"line":64,"column":46}},"19":{"start":{"line":64,"column":23},"end":{"line":64,"column":46}},"20":{"start":{"line":65,"column":2},"end":{"line":65,"column":41}},"21":{"start":{"line":65,"column":24},"end":{"line":65,"column":41}},"22":{"start":{"line":66,"column":2},"end":{"line":66,"column":20}},"23":{"start":{"line":71,"column":2},"end":{"line":71,"column":40}},"24":{"start":{"line":71,"column":23},"end":{"line":71,"column":40}},"25":{"start":{"line":72,"column":2},"end":{"line":72,"column":38}},"26":{"start":{"line":72,"column":22},"end":{"line":72,"column":38}},"27":{"start":{"line":73,"column":2},"end":{"line":73,"column":42}},"28":{"start":{"line":73,"column":22},"end":{"line":73,"column":42}},"29":{"start":{"line":74,"column":2},"end":{"line":74,"column":44}},"30":{"start":{"line":74,"column":22},"end":{"line":74,"column":44}},"31":{"start":{"line":75,"column":2},"end":{"line":75,"column":38}},"32":{"start":{"line":75,"column":22},"end":{"line":75,"column":38}},"33":{"start":{"line":76,"column":2},"end":{"line":76,"column":20}},"34":{"start":{"line":80,"column":51},"end":{"line":87,"column":1}},"35":{"start":{"line":97,"column":2},"end":{"line":106,"column":5}},"36":{"start":{"line":98,"column":4},"end":{"line":105,"column":12}},"37":{"start":{"line":99,"column":6},"end":{"line":104,"column":9}}},"fnMap":{"0":{"name":"getStreakMultiplier","decl":{"start":{"line":19,"column":16},"end":{"line":19,"column":35}},"loc":{"start":{"line":19,"column":64},"end":{"line":24,"column":1}},"line":19},"1":{"name":"calculatePowerCoreEnergy","decl":{"start":{"line":27,"column":16},"end":{"line":27,"column":40}},"loc":{"start":{"line":31,"column":10},"end":{"line":37,"column":1}},"line":31},"2":{"name":"calculateTotalContribution","decl":{"start":{"line":57,"column":16},"end":{"line":57,"column":42}},"loc":{"start":{"line":57,"column":79},"end":{"line":59,"column":1}},"line":57},"3":{"name":"determineLandingBatch","decl":{"start":{"line":62,"column":16},"end":{"line":62,"column":37}},"loc":{"start":{"line":62,"column":66},"end":{"line":67,"column":1}},"line":62},"4":{"name":"getPlanetStage","decl":{"start":{"line":70,"column":16},"end":{"line":70,"column":30}},"loc":{"start":{"line":70,"column":57},"end":{"line":77,"column":1}},"line":70},"5":{"name":"syncPlanetProgress","decl":{"start":{"line":91,"column":16},"end":{"line":91,"column":34}},"loc":{"start":{"line":96,"column":3},"end":{"line":107,"column":1}},"line":96},"6":{"name":"(anonymous_6)","decl":{"start":{"line":97,"column":21},"end":{"line":97,"column":22}},"loc":{"start":{"line":97,"column":34},"end":{"line":106,"column":3}},"line":97},"7":{"name":"(anonymous_7)","decl":{"start":{"line":98,"column":15},"end":{"line":98,"column":16}},"loc":{"start":{"line":98,"column":21},"end":{"line":105,"column":5}},"line":98}},"branchMap":{"0":{"loc":{"start":{"line":20,"column":2},"end":{"line":20,"column":35}},"type":"if","locations":[{"start":{"line":20,"column":2},"end":{"line":20,"column":35}},{"start":{},"end":{}}],"line":20},"1":{"loc":{"start":{"line":21,"column":2},"end":{"line":21,"column":35}},"type":"if","locations":[{"start":{"line":21,"column":2},"end":{"line":21,"column":35}},{"start":{},"end":{}}],"line":21},"2":{"loc":{"start":{"line":22,"column":2},"end":{"line":22,"column":34}},"type":"if","locations":[{"start":{"line":22,"column":2},"end":{"line":22,"column":34}},{"start":{},"end":{}}],"line":22},"3":{"loc":{"start":{"line":32,"column":15},"end":{"line":32,"column":93}},"type":"cond-expr","locations":[{"start":{"line":32,"column":40},"end":{"line":32,"column":64}},{"start":{"line":32,"column":67},"end":{"line":32,"column":93}}],"line":32},"4":{"loc":{"start":{"line":63,"column":2},"end":{"line":63,"column":40}},"type":"if","locations":[{"start":{"line":63,"column":2},"end":{"line":63,"column":40}},{"start":{},"end":{}}],"line":63},"5":{"loc":{"start":{"line":64,"column":2},"end":{"line":64,"column":46}},"type":"if","locations":[{"start":{"line":64,"column":2},"end":{"line":64,"column":46}},{"start":{},"end":{}}],"line":64},"6":{"loc":{"start":{"line":65,"column":2},"end":{"line":65,"column":41}},"type":"if","locations":[{"start":{"line":65,"column":2},"end":{"line":65,"column":41}},{"start":{},"end":{}}],"line":65},"7":{"loc":{"start":{"line":71,"column":2},"end":{"line":71,"column":40}},"type":"if","locations":[{"start":{"line":71,"column":2},"end":{"line":71,"column":40}},{"start":{},"end":{}}],"line":71},"8":{"loc":{"start":{"line":72,"column":2},"end":{"line":72,"column":38}},"type":"if","locations":[{"start":{"line":72,"column":2},"end":{"line":72,"column":38}},{"start":{},"end":{}}],"line":72},"9":{"loc":{"start":{"line":73,"column":2},"end":{"line":73,"column":42}},"type":"if","locations":[{"start":{"line":73,"column":2},"end":{"line":73,"column":42}},{"start":{},"end":{}}],"line":73},"10":{"loc":{"start":{"line":74,"column":2},"end":{"line":74,"column":44}},"type":"if","locations":[{"start":{"line":74,"column":2},"end":{"line":74,"column":44}},{"start":{},"end":{}}],"line":74},"11":{"loc":{"start":{"line":75,"column":2},"end":{"line":75,"column":38}},"type":"if","locations":[{"start":{"line":75,"column":2},"end":{"line":75,"column":38}},{"start":{},"end":{}}],"line":75}},"s":{"0":0,"1":0,"2":0,"3":0,"4":0,"5":0,"6":0,"7":0,"8":0,"9":0,"10":0,"11":0,"12":0,"13":0,"14":0,"15":0,"16":0,"17":0,"18":0,"19":0,"20":0,"21":0,"22":0,"23":0,"24":0,"25":0,"26":0,"27":0,"28":0,"29":0,"30":0,"31":0,"32":0,"33":0,"34":0,"35":0,"36":0,"37":0},"f":{"0":0,"1":0,"2":0,"3":0,"4":0,"5":0,"6":0,"7":0},"b":{"0":[0,0],"1":[0,0],"2":[0,0],"3":[0,0],"4":[0,0],"5":[0,0],"6":[0,0],"7":[0,0],"8":[0,0],"9":[0,0],"10":[0,0],"11":[0,0]}}
,"/Users/yubai/amio/amio-app/src/utils/gameLogic.ts": {"path":"/Users/yubai/amio/amio-app/src/utils/gameLogic.ts","statementMap":{"0":{"start":{"line":4,"column":24},"end":{"line":4,"column":25}},"1":{"start":{"line":5,"column":25},"end":{"line":5,"column":26}},"2":{"start":{"line":7,"column":29},"end":{"line":20,"column":1}},"3":{"start":{"line":8,"column":4},"end":{"line":19,"column":7}},"4":{"start":{"line":9,"column":8},"end":{"line":9,"column":49}},"5":{"start":{"line":9,"column":36},"end":{"line":9,"column":49}},"6":{"start":{"line":10,"column":8},"end":{"line":10,"column":54}},"7":{"start":{"line":10,"column":41},"end":{"line":10,"column":54}},"8":{"start":{"line":15,"column":25},"end":{"line":15,"column":71}},"9":{"start":{"line":16,"column":25},"end":{"line":16,"column":72}},"10":{"start":{"line":18,"column":8},"end":{"line":18,"column":36}},"11":{"start":{"line":22,"column":37},"end":{"line":27,"column":1}},"12":{"start":{"line":23,"column":4},"end":{"line":26,"column":8}},"13":{"start":{"line":23,"column":30},"end":{"line":26,"column":5}},"14":{"start":{"line":29,"column":29},"end":{"line":56,"column":1}},"15":{"start":{"line":30,"column":18},"end":{"line":30,"column":41}},"16":{"start":{"line":31,"column":28},"end":{"line":31,"column":30}},"17":{"start":{"line":32,"column":20},"end":{"line":32,"column":21}},"18":{"start":{"line":34,"column":4},"end":{"line":50,"column":5}},"19":{"start":{"line":34,"column":17},"end":{"line":34,"column":18}},"20":{"start":{"line":35,"column":21},"end":{"line":35,"column":68}},"21":{"start":{"line":37,"column":8},"end":{"line":49,"column":9}},"22":{"start":{"line":37,"column":21},"end":{"line":37,"column":22}},"23":{"start":{"line":41,"column":12},"end":{"line":48,"column":15}},"24":{"start":{"line":53,"column":4},"end":{"line":53,"column":44}},"25":{"start":{"line":53,"column":25},"end":{"line":53,"column":42}},"26":{"start":{"line":55,"column":4},"end":{"line":55,"column":40}},"27":{"start":{"line":58,"column":26},"end":{"line":82,"column":1}},"28":{"start":{"line":60,"column":43},"end":{"line":60,"column":45}},"29":{"start":{"line":61,"column":4},"end":{"line":63,"column":7}},"30":{"start":{"line":62,"column":8},"end":{"line":62,"column":51}},"31":{"start":{"line":65,"column":22},"end":{"line":65,"column":71}},"32":{"start":{"line":65,"column":54},"end":{"line":65,"column":70}},"33":{"start":{"line":67,"column":4},"end":{"line":79,"column":5}},"34":{"start":{"line":70,"column":27},"end":{"line":70,"column":28}},"35":{"start":{"line":71,"column":25},"end":{"line":77,"column":10}},"36":{"start":{"line":72,"column":12},"end":{"line":75,"column":13}},"37":{"start":{"line":73,"column":16},"end":{"line":73,"column":31}},"38":{"start":{"line":74,"column":16},"end":{"line":74,"column":29}},"39":{"start":{"line":76,"column":12},"end":{"line":76,"column":24}},"40":{"start":{"line":78,"column":8},"end":{"line":78,"column":43}},"41":{"start":{"line":81,"column":4},"end":{"line":81,"column":51}}},"fnMap":{"0":{"name":"(anonymous_0)","decl":{"start":{"line":7,"column":29},"end":{"line":7,"column":30}},"loc":{"start":{"line":7,"column":82},"end":{"line":20,"column":1}},"line":7},"1":{"name":"(anonymous_1)","decl":{"start":{"line":8,"column":25},"end":{"line":8,"column":26}},"loc":{"start":{"line":8,"column":34},"end":{"line":19,"column":5}},"line":8},"2":{"name":"(anonymous_2)","decl":{"start":{"line":22,"column":37},"end":{"line":22,"column":38}},"loc":{"start":{"line":22,"column":72},"end":{"line":27,"column":1}},"line":22},"3":{"name":"(anonymous_3)","decl":{"start":{"line":23,"column":21},"end":{"line":23,"column":22}},"loc":{"start":{"line":23,"column":30},"end":{"line":26,"column":5}},"line":23},"4":{"name":"(anonymous_4)","decl":{"start":{"line":29,"column":29},"end":{"line":29,"column":30}},"loc":{"start":{"line":29,"column":72},"end":{"line":56,"column":1}},"line":29},"5":{"name":"(anonymous_5)","decl":{"start":{"line":53,"column":15},"end":{"line":53,"column":16}},"loc":{"start":{"line":53,"column":25},"end":{"line":53,"column":42}},"line":53},"6":{"name":"(anonymous_6)","decl":{"start":{"line":58,"column":26},"end":{"line":58,"column":27}},"loc":{"start":{"line":58,"column":97},"end":{"line":82,"column":1}},"line":58},"7":{"name":"(anonymous_7)","decl":{"start":{"line":61,"column":22},"end":{"line":61,"column":23}},"loc":{"start":{"line":61,"column":27},"end":{"line":63,"column":5}},"line":61},"8":{"name":"(anonymous_8)","decl":{"start":{"line":65,"column":47},"end":{"line":65,"column":48}},"loc":{"start":{"line":65,"column":54},"end":{"line":65,"column":70}},"line":65},"9":{"name":"(anonymous_9)","decl":{"start":{"line":71,"column":42},"end":{"line":71,"column":43}},"loc":{"start":{"line":71,"column":47},"end":{"line":77,"column":9}},"line":71}},"branchMap":{"0":{"loc":{"start":{"line":9,"column":8},"end":{"line":9,"column":49}},"type":"if","locations":[{"start":{"line":9,"column":8},"end":{"line":9,"column":49}},{"start":{},"end":{}}],"line":9},"1":{"loc":{"start":{"line":10,"column":8},"end":{"line":10,"column":54}},"type":"if","locations":[{"start":{"line":10,"column":8},"end":{"line":10,"column":54}},{"start":{},"end":{}}],"line":10},"2":{"loc":{"start":{"line":18,"column":15},"end":{"line":18,"column":35}},"type":"binary-expr","locations":[{"start":{"line":18,"column":15},"end":{"line":18,"column":23}},{"start":{"line":18,"column":27},"end":{"line":18,"column":35}}],"line":18},"3":{"loc":{"start":{"line":29,"column":30},"end":{"line":29,"column":55}},"type":"default-arg","locations":[{"start":{"line":29,"column":53},"end":{"line":29,"column":55}}],"line":29},"4":{"loc":{"start":{"line":62,"column":26},"end":{"line":62,"column":45}},"type":"binary-expr","locations":[{"start":{"line":62,"column":26},"end":{"line":62,"column":40}},{"start":{"line":62,"column":44},"end":{"line":62,"column":45}}],"line":62},"5":{"loc":{"start":{"line":67,"column":4},"end":{"line":79,"column":5}},"type":"if","locations":[{"start":{"line":67,"column":4},"end":{"line":79,"column":5}},{"start":{},"end":{}}],"line":67},"6":{"loc":{"start":{"line":72,"column":12},"end":{"line":75,"column":13}},"type":"if","locations":[{"start":{"line":72,"column":12},"end":{"line":75,"column":13}},{"start":{},"end":{}}],"line":72},"7":{"loc":{"start":{"line":72,"column":16},"end":{"line":72,"column":56}},"type":"binary-expr","locations":[{"start":{"line":72,"column":16},"end":{"line":72,"column":36}},{"start":{"line":72,"column":40},"end":{"line":72,"column":56}}],"line":72}},"s":{"0":0,"1":0,"2":0,"3":0,"4":0,"5":0,"6":0,"7":0,"8":0,"9":0,"10":0,"11":0,"12":0,"13":0,"14":0,"15":0,"16":0,"17":0,"18":0,"19":0,"20":0,"21":0,"22":0,"23":0,"24":0,"25":0,"26":0,"27":0,"28":0,"29":0,"30":0,"31":0,"32":0,"33":0,"34":0,"35":0,"36":0,"37":0,"38":0,"39":0,"40":0,"41":0},"f":{"0":0,"1":0,"2":0,"3":0,"4":0,"5":0,"6":0,"7":0,"8":0,"9":0},"b":{"0":[0,0],"1":[0,0],"2":[0,0],"3":[0],"4":[0,0],"5":[0,0],"6":[0,0],"7":[0,0]}}
,"/Users/yubai/amio/amio-app/src/utils/heroLevel.ts": {"path":"/Users/yubai/amio/amio-app/src/utils/heroLevel.ts","statementMap":{"0":{"start":{"line":17,"column":32},"end":{"line":24,"column":10}},"1":{"start":{"line":27,"column":27},"end":{"line":33,"column":1}},"2":{"start":{"line":28,"column":16},"end":{"line":28,"column":20}},"3":{"start":{"line":29,"column":4},"end":{"line":32,"column":6}},"4":{"start":{"line":30,"column":8},"end":{"line":30,"column":58}},"5":{"start":{"line":31,"column":8},"end":{"line":31,"column":34}},"6":{"start":{"line":44,"column":34},"end":{"line":63,"column":1}},"7":{"start":{"line":45,"column":19},"end":{"line":45,"column":50}},"8":{"start":{"line":46,"column":44},"end":{"line":46,"column":46}},"9":{"start":{"line":49,"column":23},"end":{"line":49,"column":26}},"10":{"start":{"line":51,"column":4},"end":{"line":57,"column":5}},"11":{"start":{"line":51,"column":17},"end":{"line":51,"column":18}},"12":{"start":{"line":52,"column":8},"end":{"line":56,"column":11}},"13":{"start":{"line":60,"column":4},"end":{"line":60,"column":48}},"14":{"start":{"line":60,"column":29},"end":{"line":60,"column":46}},"15":{"start":{"line":62,"column":4},"end":{"line":62,"column":21}},"16":{"start":{"line":69,"column":35},"end":{"line":101,"column":1}},"17":{"start":{"line":71,"column":22},"end":{"line":71,"column":45}},"18":{"start":{"line":73,"column":21},"end":{"line":73,"column":35}},"19":{"start":{"line":75,"column":25},"end":{"line":75,"column":54}},"20":{"start":{"line":78,"column":40},"end":{"line":78,"column":42}},"21":{"start":{"line":79,"column":4},"end":{"line":82,"column":5}},"22":{"start":{"line":79,"column":17},"end":{"line":79,"column":18}},"23":{"start":{"line":80,"column":21},"end":{"line":80,"column":74}},"24":{"start":{"line":81,"column":8},"end":{"line":81,"column":47}},"25":{"start":{"line":85,"column":4},"end":{"line":88,"column":5}},"26":{"start":{"line":85,"column":17},"end":{"line":85,"column":43}},"27":{"start":{"line":86,"column":18},"end":{"line":86,"column":53}},"28":{"start":{"line":87,"column":8},"end":{"line":87,"column":92}},"29":{"start":{"line":91,"column":30},"end":{"line":98,"column":7}},"30":{"start":{"line":91,"column":58},"end":{"line":98,"column":5}},"31":{"start":{"line":100,"column":4},"end":{"line":100,"column":40}},"32":{"start":{"line":106,"column":33},"end":{"line":109,"column":1}},"33":{"start":{"line":107,"column":19},"end":{"line":107,"column":43}},"34":{"start":{"line":108,"column":4},"end":{"line":108,"column":39}}},"fnMap":{"0":{"name":"(anonymous_0)","decl":{"start":{"line":27,"column":27},"end":{"line":27,"column":28}},"loc":{"start":{"line":27,"column":45},"end":{"line":33,"column":1}},"line":27},"1":{"name":"(anonymous_1)","decl":{"start":{"line":29,"column":11},"end":{"line":29,"column":12}},"loc":{"start":{"line":29,"column":17},"end":{"line":32,"column":5}},"line":29},"2":{"name":"(anonymous_2)","decl":{"start":{"line":44,"column":34},"end":{"line":44,"column":35}},"loc":{"start":{"line":44,"column":74},"end":{"line":63,"column":1}},"line":44},"3":{"name":"(anonymous_3)","decl":{"start":{"line":60,"column":19},"end":{"line":60,"column":20}},"loc":{"start":{"line":60,"column":29},"end":{"line":60,"column":46}},"line":60},"4":{"name":"(anonymous_4)","decl":{"start":{"line":69,"column":35},"end":{"line":69,"column":36}},"loc":{"start":{"line":69,"column":81},"end":{"line":101,"column":1}},"line":69},"5":{"name":"(anonymous_5)","decl":{"start":{"line":91,"column":41},"end":{"line":91,"column":42}},"loc":{"start":{"line":91,"column":58},"end":{"line":98,"column":5}},"line":91},"6":{"name":"(anonymous_6)","decl":{"start":{"line":106,"column":33},"end":{"line":106,"column":34}},"loc":{"start":{"line":106,"column":63},"end":{"line":109,"column":1}},"line":106}},"branchMap":{"0":{"loc":{"start":{"line":93,"column":14},"end":{"line":93,"column":53}},"type":"binary-expr","locations":[{"start":{"line":93,"column":14},"end":{"line":93,"column":36}},{"start":{"line":93,"column":40},"end":{"line":93,"column":53}}],"line":93}},"s":{"0":0,"1":0,"2":0,"3":0,"4":0,"5":0,"6":0,"7":0,"8":0,"9":0,"10":0,"11":0,"12":0,"13":0,"14":0,"15":0,"16":0,"17":0,"18":0,"19":0,"20":0,"21":0,"22":0,"23":0,"24":0,"25":0,"26":0,"27":0,"28":0,"29":0,"30":0,"31":0,"32":0,"33":0,"34":0},"f":{"0":0,"1":0,"2":0,"3":0,"4":0,"5":0,"6":0},"b":{"0":[0,0]}}
,"/Users/yubai/amio/amio-app/src/utils/storage.ts": {"path":"/Users/yubai/amio/amio-app/src/utils/storage.ts","statementMap":{"0":{"start":{"line":68,"column":20},"end":{"line":68,"column":40}},"1":{"start":{"line":73,"column":34},"end":{"line":76,"column":1}},"2":{"start":{"line":74,"column":18},"end":{"line":74,"column":28}},"3":{"start":{"line":75,"column":4},"end":{"line":75,"column":129}},"4":{"start":{"line":81,"column":34},"end":{"line":91,"column":1}},"5":{"start":{"line":82,"column":4},"end":{"line":90,"column":6}},"6":{"start":{"line":96,"column":37},"end":{"line":145,"column":1}},"7":{"start":{"line":97,"column":18},"end":{"line":97,"column":38}},"8":{"start":{"line":98,"column":4},"end":{"line":144,"column":6}},"9":{"start":{"line":150,"column":28},"end":{"line":255,"column":1}},"10":{"start":{"line":151,"column":4},"end":{"line":253,"column":5}},"11":{"start":{"line":152,"column":21},"end":{"line":152,"column":53}},"12":{"start":{"line":153,"column":8},"end":{"line":250,"column":9}},"13":{"start":{"line":154,"column":43},"end":{"line":154,"column":59}},"14":{"start":{"line":157,"column":12},"end":{"line":163,"column":13}},"15":{"start":{"line":158,"column":30},"end":{"line":158,"column":58}},"16":{"start":{"line":159,"column":16},"end":{"line":162,"column":17}},"17":{"start":{"line":160,"column":20},"end":{"line":160,"column":49}},"18":{"start":{"line":161,"column":20},"end":{"line":161,"column":39}},"19":{"start":{"line":166,"column":12},"end":{"line":168,"column":13}},"20":{"start":{"line":167,"column":16},"end":{"line":167,"column":51}},"21":{"start":{"line":171,"column":12},"end":{"line":173,"column":13}},"22":{"start":{"line":172,"column":16},"end":{"line":172,"column":43}},"23":{"start":{"line":174,"column":12},"end":{"line":176,"column":13}},"24":{"start":{"line":175,"column":16},"end":{"line":175,"column":44}},"25":{"start":{"line":177,"column":12},"end":{"line":179,"column":13}},"26":{"start":{"line":178,"column":16},"end":{"line":178,"column":46}},"27":{"start":{"line":182,"column":12},"end":{"line":188,"column":13}},"28":{"start":{"line":183,"column":16},"end":{"line":187,"column":18}},"29":{"start":{"line":189,"column":12},"end":{"line":191,"column":13}},"30":{"start":{"line":190,"column":16},"end":{"line":190,"column":49}},"31":{"start":{"line":192,"column":12},"end":{"line":198,"column":13}},"32":{"start":{"line":193,"column":16},"end":{"line":197,"column":18}},"33":{"start":{"line":199,"column":12},"end":{"line":206,"column":13}},"34":{"start":{"line":200,"column":16},"end":{"line":205,"column":18}},"35":{"start":{"line":207,"column":12},"end":{"line":209,"column":13}},"36":{"start":{"line":208,"column":16},"end":{"line":208,"column":63}},"37":{"start":{"line":210,"column":12},"end":{"line":212,"column":13}},"38":{"start":{"line":211,"column":16},"end":{"line":211,"column":66}},"39":{"start":{"line":213,"column":12},"end":{"line":215,"column":13}},"40":{"start":{"line":214,"column":16},"end":{"line":214,"column":37}},"41":{"start":{"line":216,"column":12},"end":{"line":218,"column":13}},"42":{"start":{"line":217,"column":16},"end":{"line":217,"column":45}},"43":{"start":{"line":219,"column":12},"end":{"line":221,"column":13}},"44":{"start":{"line":220,"column":16},"end":{"line":220,"column":40}},"45":{"start":{"line":222,"column":12},"end":{"line":224,"column":13}},"46":{"start":{"line":223,"column":16},"end":{"line":223,"column":43}},"47":{"start":{"line":225,"column":12},"end":{"line":227,"column":13}},"48":{"start":{"line":226,"column":16},"end":{"line":226,"column":46}},"49":{"start":{"line":228,"column":12},"end":{"line":230,"column":13}},"50":{"start":{"line":229,"column":16},"end":{"line":229,"column":44}},"51":{"start":{"line":233,"column":26},"end":{"line":233,"column":46}},"52":{"start":{"line":234,"column":12},"end":{"line":248,"column":13}},"53":{"start":{"line":236,"column":50},"end":{"line":244,"column":17}},"54":{"start":{"line":246,"column":16},"end":{"line":246,"column":42}},"55":{"start":{"line":247,"column":16},"end":{"line":247,"column":35}},"56":{"start":{"line":249,"column":12},"end":{"line":249,"column":28}},"57":{"start":{"line":252,"column":8},"end":{"line":252,"column":57}},"58":{"start":{"line":254,"column":4},"end":{"line":254,"column":35}},"59":{"start":{"line":260,"column":28},"end":{"line":266,"column":1}},"60":{"start":{"line":261,"column":4},"end":{"line":265,"column":5}},"61":{"start":{"line":262,"column":8},"end":{"line":262,"column":67}},"62":{"start":{"line":264,"column":8},"end":{"line":264,"column":57}},"63":{"start":{"line":272,"column":33},"end":{"line":316,"column":1}},"64":{"start":{"line":279,"column":21},"end":{"line":279,"column":35}},"65":{"start":{"line":280,"column":31},"end":{"line":280,"column":54}},"66":{"start":{"line":281,"column":16},"end":{"line":281,"column":26}},"67":{"start":{"line":282,"column":18},"end":{"line":282,"column":38}},"68":{"start":{"line":284,"column":4},"end":{"line":284,"column":38}},"69":{"start":{"line":285,"column":4},"end":{"line":285,"column":40}},"70":{"start":{"line":286,"column":4},"end":{"line":286,"column":42}},"71":{"start":{"line":287,"column":4},"end":{"line":287,"column":43}},"72":{"start":{"line":288,"column":4},"end":{"line":288,"column":43}},"73":{"start":{"line":291,"column":4},"end":{"line":313,"column":5}},"74":{"start":{"line":293,"column":8},"end":{"line":293,"column":38}},"75":{"start":{"line":296,"column":8},"end":{"line":311,"column":9}},"76":{"start":{"line":297,"column":30},"end":{"line":297,"column":43}},"77":{"start":{"line":298,"column":12},"end":{"line":298,"column":55}},"78":{"start":{"line":299,"column":33},"end":{"line":299,"column":162}},"79":{"start":{"line":301,"column":12},"end":{"line":307,"column":13}},"80":{"start":{"line":303,"column":16},"end":{"line":303,"column":46}},"81":{"start":{"line":304,"column":19},"end":{"line":307,"column":13}},"82":{"start":{"line":306,"column":16},"end":{"line":306,"column":45}},"83":{"start":{"line":310,"column":12},"end":{"line":310,"column":41}},"84":{"start":{"line":312,"column":8},"end":{"line":312,"column":44}},"85":{"start":{"line":315,"column":4},"end":{"line":315,"column":27}},"86":{"start":{"line":322,"column":32},"end":{"line":357,"column":1}},"87":{"start":{"line":323,"column":21},"end":{"line":323,"column":35}},"88":{"start":{"line":324,"column":16},"end":{"line":324,"column":26}},"89":{"start":{"line":325,"column":18},"end":{"line":325,"column":38}},"90":{"start":{"line":329,"column":23},"end":{"line":329,"column":28}},"91":{"start":{"line":330,"column":4},"end":{"line":338,"column":5}},"92":{"start":{"line":331,"column":27},"end":{"line":331,"column":67}},"93":{"start":{"line":332,"column":30},"end":{"line":336,"column":30}},"94":{"start":{"line":337,"column":8},"end":{"line":337,"column":49}},"95":{"start":{"line":340,"column":4},"end":{"line":355,"column":5}},"96":{"start":{"line":342,"column":8},"end":{"line":342,"column":46}},"97":{"start":{"line":343,"column":8},"end":{"line":343,"column":56}},"98":{"start":{"line":346,"column":25},"end":{"line":346,"column":70}},"99":{"start":{"line":347,"column":26},"end":{"line":347,"column":76}},"100":{"start":{"line":348,"column":8},"end":{"line":354,"column":10}},"101":{"start":{"line":356,"column":4},"end":{"line":356,"column":27}},"102":{"start":{"line":362,"column":26},"end":{"line":394,"column":1}},"103":{"start":{"line":363,"column":21},"end":{"line":363,"column":35}},"104":{"start":{"line":364,"column":18},"end":{"line":364,"column":39}},"105":{"start":{"line":366,"column":4},"end":{"line":366,"column":28}},"106":{"start":{"line":366,"column":16},"end":{"line":366,"column":28}},"107":{"start":{"line":368,"column":16},"end":{"line":368,"column":26}},"108":{"start":{"line":369,"column":21},"end":{"line":369,"column":45}},"109":{"start":{"line":370,"column":22},"end":{"line":370,"column":47}},"110":{"start":{"line":373,"column":4},"end":{"line":376,"column":5}},"111":{"start":{"line":374,"column":8},"end":{"line":374,"column":46}},"112":{"start":{"line":375,"column":8},"end":{"line":375,"column":20}},"113":{"start":{"line":379,"column":4},"end":{"line":385,"column":5}},"114":{"start":{"line":380,"column":8},"end":{"line":380,"column":37}},"115":{"start":{"line":381,"column":8},"end":{"line":381,"column":37}},"116":{"start":{"line":383,"column":8},"end":{"line":383,"column":31}},"117":{"start":{"line":384,"column":8},"end":{"line":384,"column":20}},"118":{"start":{"line":388,"column":18},"end":{"line":388,"column":38}},"119":{"start":{"line":389,"column":4},"end":{"line":389,"column":35}},"120":{"start":{"line":390,"column":4},"end":{"line":390,"column":33}},"121":{"start":{"line":391,"column":4},"end":{"line":391,"column":27}},"122":{"start":{"line":393,"column":4},"end":{"line":393,"column":17}},"123":{"start":{"line":399,"column":30},"end":{"line":432,"column":1}},"124":{"start":{"line":404,"column":21},"end":{"line":404,"column":35}},"125":{"start":{"line":405,"column":18},"end":{"line":405,"column":39}},"126":{"start":{"line":407,"column":4},"end":{"line":409,"column":5}},"127":{"start":{"line":408,"column":8},"end":{"line":408,"column":65}},"128":{"start":{"line":411,"column":16},"end":{"line":411,"column":26}},"129":{"start":{"line":412,"column":21},"end":{"line":412,"column":45}},"130":{"start":{"line":413,"column":22},"end":{"line":413,"column":47}},"131":{"start":{"line":415,"column":4},"end":{"line":417,"column":5}},"132":{"start":{"line":416,"column":8},"end":{"line":416,"column":62}},"133":{"start":{"line":419,"column":4},"end":{"line":425,"column":5}},"134":{"start":{"line":420,"column":8},"end":{"line":424,"column":10}},"135":{"start":{"line":427,"column":4},"end":{"line":431,"column":6}},"136":{"start":{"line":437,"column":35},"end":{"line":460,"column":1}},"137":{"start":{"line":442,"column":23},"end":{"line":447,"column":5}},"138":{"start":{"line":449,"column":4},"end":{"line":457,"column":5}},"139":{"start":{"line":450,"column":8},"end":{"line":456,"column":9}},"140":{"start":{"line":451,"column":12},"end":{"line":455,"column":14}},"141":{"start":{"line":459,"column":4},"end":{"line":459,"column":16}},"142":{"start":{"line":465,"column":35},"end":{"line":472,"column":1}},"143":{"start":{"line":466,"column":20},"end":{"line":466,"column":41}},"144":{"start":{"line":467,"column":18},"end":{"line":467,"column":44}},"145":{"start":{"line":468,"column":20},"end":{"line":468,"column":53}},"146":{"start":{"line":469,"column":17},"end":{"line":469,"column":29}},"147":{"start":{"line":471,"column":4},"end":{"line":471,"column":116}},"148":{"start":{"line":478,"column":31},"end":{"line":488,"column":1}},"149":{"start":{"line":479,"column":21},"end":{"line":479,"column":35}},"150":{"start":{"line":480,"column":20},"end":{"line":480,"column":46}},"151":{"start":{"line":483,"column":4},"end":{"line":485,"column":5}},"152":{"start":{"line":484,"column":8},"end":{"line":484,"column":17}},"153":{"start":{"line":487,"column":4},"end":{"line":487,"column":19}},"154":{"start":{"line":493,"column":31},"end":{"line":507,"column":1}},"155":{"start":{"line":494,"column":21},"end":{"line":494,"column":35}},"156":{"start":{"line":497,"column":4},"end":{"line":499,"column":5}},"157":{"start":{"line":498,"column":8},"end":{"line":498,"column":41}},"158":{"start":{"line":502,"column":4},"end":{"line":504,"column":5}},"159":{"start":{"line":503,"column":8},"end":{"line":503,"column":37}},"160":{"start":{"line":506,"column":4},"end":{"line":506,"column":27}},"161":{"start":{"line":512,"column":29},"end":{"line":516,"column":1}},"162":{"start":{"line":513,"column":21},"end":{"line":513,"column":35}},"163":{"start":{"line":514,"column":4},"end":{"line":514,"column":33}},"164":{"start":{"line":515,"column":4},"end":{"line":515,"column":27}},"165":{"start":{"line":526,"column":21},"end":{"line":526,"column":35}},"166":{"start":{"line":529,"column":28},"end":{"line":529,"column":87}},"167":{"start":{"line":532,"column":4},"end":{"line":532,"column":49}},"168":{"start":{"line":533,"column":4},"end":{"line":533,"column":84}},"169":{"start":{"line":536,"column":18},"end":{"line":536,"column":38}},"170":{"start":{"line":537,"column":26},"end":{"line":537,"column":81}},"171":{"start":{"line":537,"column":64},"end":{"line":537,"column":80}},"172":{"start":{"line":539,"column":4},"end":{"line":547,"column":5}},"173":{"start":{"line":540,"column":8},"end":{"line":540,"column":51}},"174":{"start":{"line":542,"column":8},"end":{"line":546,"column":11}},"175":{"start":{"line":550,"column":4},"end":{"line":550,"column":30}},"176":{"start":{"line":552,"column":4},"end":{"line":552,"column":27}},"177":{"start":{"line":559,"column":18},"end":{"line":559,"column":38}},"178":{"start":{"line":561,"column":4},"end":{"line":593,"column":7}},"179":{"start":{"line":562,"column":8},"end":{"line":562,"column":41}},"180":{"start":{"line":562,"column":34},"end":{"line":562,"column":41}},"181":{"start":{"line":564,"column":27},"end":{"line":564,"column":32}},"182":{"start":{"line":566,"column":8},"end":{"line":588,"column":9}},"183":{"start":{"line":568,"column":16},"end":{"line":568,"column":61}},"184":{"start":{"line":569,"column":16},"end":{"line":569,"column":22}},"185":{"start":{"line":571,"column":16},"end":{"line":571,"column":61}},"186":{"start":{"line":572,"column":16},"end":{"line":572,"column":22}},"187":{"start":{"line":574,"column":16},"end":{"line":574,"column":62}},"188":{"start":{"line":575,"column":16},"end":{"line":575,"column":22}},"189":{"start":{"line":577,"column":16},"end":{"line":577,"column":54}},"190":{"start":{"line":578,"column":16},"end":{"line":578,"column":22}},"191":{"start":{"line":580,"column":16},"end":{"line":580,"column":79}},"192":{"start":{"line":581,"column":16},"end":{"line":581,"column":22}},"193":{"start":{"line":583,"column":16},"end":{"line":583,"column":73}},"194":{"start":{"line":584,"column":16},"end":{"line":584,"column":22}},"195":{"start":{"line":586,"column":16},"end":{"line":586,"column":74}},"196":{"start":{"line":587,"column":16},"end":{"line":587,"column":22}},"197":{"start":{"line":590,"column":8},"end":{"line":592,"column":9}},"198":{"start":{"line":591,"column":12},"end":{"line":591,"column":41}},"199":{"start":{"line":600,"column":21},"end":{"line":600,"column":35}},"200":{"start":{"line":602,"column":4},"end":{"line":602,"column":44}},"201":{"start":{"line":603,"column":4},"end":{"line":603,"column":84}},"202":{"start":{"line":606,"column":18},"end":{"line":606,"column":38}},"203":{"start":{"line":607,"column":26},"end":{"line":607,"column":81}},"204":{"start":{"line":607,"column":64},"end":{"line":607,"column":80}},"205":{"start":{"line":609,"column":4},"end":{"line":617,"column":5}},"206":{"start":{"line":610,"column":8},"end":{"line":610,"column":46}},"207":{"start":{"line":612,"column":8},"end":{"line":616,"column":11}},"208":{"start":{"line":619,"column":4},"end":{"line":619,"column":30}},"209":{"start":{"line":620,"column":4},"end":{"line":620,"column":27}},"210":{"start":{"line":626,"column":18},"end":{"line":626,"column":30}},"211":{"start":{"line":628,"column":34},"end":{"line":634,"column":1}},"212":{"start":{"line":629,"column":2},"end":{"line":633,"column":3}},"213":{"start":{"line":630,"column":4},"end":{"line":630,"column":58}},"214":{"start":{"line":632,"column":4},"end":{"line":632,"column":24}},"215":{"start":{"line":636,"column":34},"end":{"line":642,"column":1}},"216":{"start":{"line":637,"column":2},"end":{"line":641,"column":3}},"217":{"start":{"line":638,"column":4},"end":{"line":638,"column":44}},"218":{"start":{"line":640,"column":4},"end":{"line":640,"column":61}}},"fnMap":{"0":{"name":"(anonymous_0)","decl":{"start":{"line":73,"column":34},"end":{"line":73,"column":35}},"loc":{"start":{"line":73,"column":48},"end":{"line":76,"column":1}},"line":73},"1":{"name":"(anonymous_1)","decl":{"start":{"line":81,"column":34},"end":{"line":81,"column":35}},"loc":{"start":{"line":81,"column":53},"end":{"line":91,"column":1}},"line":81},"2":{"name":"(anonymous_2)","decl":{"start":{"line":96,"column":37},"end":{"line":96,"column":38}},"loc":{"start":{"line":96,"column":57},"end":{"line":145,"column":1}},"line":96},"3":{"name":"(anonymous_3)","decl":{"start":{"line":150,"column":28},"end":{"line":150,"column":29}},"loc":{"start":{"line":150,"column":48},"end":{"line":255,"column":1}},"line":150},"4":{"name":"(anonymous_4)","decl":{"start":{"line":260,"column":28},"end":{"line":260,"column":29}},"loc":{"start":{"line":260,"column":62},"end":{"line":266,"column":1}},"line":260},"5":{"name":"(anonymous_5)","decl":{"start":{"line":272,"column":33},"end":{"line":272,"column":34}},"loc":{"start":{"line":278,"column":11},"end":{"line":316,"column":1}},"line":278},"6":{"name":"(anonymous_6)","decl":{"start":{"line":322,"column":32},"end":{"line":322,"column":33}},"loc":{"start":{"line":322,"column":86},"end":{"line":357,"column":1}},"line":322},"7":{"name":"(anonymous_7)","decl":{"start":{"line":362,"column":26},"end":{"line":362,"column":27}},"loc":{"start":{"line":362,"column":53},"end":{"line":394,"column":1}},"line":362},"8":{"name":"(anonymous_8)","decl":{"start":{"line":399,"column":30},"end":{"line":399,"column":31}},"loc":{"start":{"line":403,"column":5},"end":{"line":432,"column":1}},"line":403},"9":{"name":"(anonymous_9)","decl":{"start":{"line":437,"column":35},"end":{"line":437,"column":36}},"loc":{"start":{"line":441,"column":12},"end":{"line":460,"column":1}},"line":441},"10":{"name":"(anonymous_10)","decl":{"start":{"line":465,"column":35},"end":{"line":465,"column":36}},"loc":{"start":{"line":465,"column":59},"end":{"line":472,"column":1}},"line":465},"11":{"name":"(anonymous_11)","decl":{"start":{"line":478,"column":31},"end":{"line":478,"column":32}},"loc":{"start":{"line":478,"column":45},"end":{"line":488,"column":1}},"line":478},"12":{"name":"(anonymous_12)","decl":{"start":{"line":493,"column":31},"end":{"line":493,"column":32}},"loc":{"start":{"line":493,"column":54},"end":{"line":507,"column":1}},"line":493},"13":{"name":"(anonymous_13)","decl":{"start":{"line":512,"column":29},"end":{"line":512,"column":30}},"loc":{"start":{"line":512,"column":41},"end":{"line":516,"column":1}},"line":512},"14":{"name":"updateEnergyAfterGame","decl":{"start":{"line":521,"column":16},"end":{"line":521,"column":37}},"loc":{"start":{"line":525,"column":8},"end":{"line":553,"column":1}},"line":525},"15":{"name":"(anonymous_15)","decl":{"start":{"line":537,"column":59},"end":{"line":537,"column":60}},"loc":{"start":{"line":537,"column":64},"end":{"line":537,"column":80}},"line":537},"16":{"name":"checkMilestones","decl":{"start":{"line":558,"column":9},"end":{"line":558,"column":24}},"loc":{"start":{"line":558,"column":55},"end":{"line":594,"column":1}},"line":558},"17":{"name":"(anonymous_17)","decl":{"start":{"line":561,"column":32},"end":{"line":561,"column":33}},"loc":{"start":{"line":561,"column":45},"end":{"line":593,"column":5}},"line":561},"18":{"name":"addWisdomCrystal","decl":{"start":{"line":599,"column":16},"end":{"line":599,"column":32}},"loc":{"start":{"line":599,"column":55},"end":{"line":621,"column":1}},"line":599},"19":{"name":"(anonymous_19)","decl":{"start":{"line":607,"column":59},"end":{"line":607,"column":60}},"loc":{"start":{"line":607,"column":64},"end":{"line":607,"column":80}},"line":607},"20":{"name":"(anonymous_20)","decl":{"start":{"line":628,"column":34},"end":{"line":628,"column":35}},"loc":{"start":{"line":628,"column":48},"end":{"line":634,"column":1}},"line":628},"21":{"name":"(anonymous_21)","decl":{"start":{"line":636,"column":34},"end":{"line":636,"column":35}},"loc":{"start":{"line":636,"column":61},"end":{"line":642,"column":1}},"line":636}},"branchMap":{"0":{"loc":{"start":{"line":153,"column":8},"end":{"line":250,"column":9}},"type":"if","locations":[{"start":{"line":153,"column":8},"end":{"line":250,"column":9}},{"start":{},"end":{}}],"line":153},"1":{"loc":{"start":{"line":157,"column":12},"end":{"line":163,"column":13}},"type":"if","locations":[{"start":{"line":157,"column":12},"end":{"line":163,"column":13}},{"start":{},"end":{}}],"line":157},"2":{"loc":{"start":{"line":159,"column":16},"end":{"line":162,"column":17}},"type":"if","locations":[{"start":{"line":159,"column":16},"end":{"line":162,"column":17}},{"start":{},"end":{}}],"line":159},"3":{"loc":{"start":{"line":159,"column":20},"end":{"line":159,"column":75}},"type":"binary-expr","locations":[{"start":{"line":159,"column":20},"end":{"line":159,"column":45}},{"start":{"line":159,"column":49},"end":{"line":159,"column":75}}],"line":159},"4":{"loc":{"start":{"line":166,"column":12},"end":{"line":168,"column":13}},"type":"if","locations":[{"start":{"line":166,"column":12},"end":{"line":168,"column":13}},{"start":{},"end":{}}],"line":166},"5":{"loc":{"start":{"line":171,"column":12},"end":{"line":173,"column":13}},"type":"if","locations":[{"start":{"line":171,"column":12},"end":{"line":173,"column":13}},{"start":{},"end":{}}],"line":171},"6":{"loc":{"start":{"line":174,"column":12},"end":{"line":176,"column":13}},"type":"if","locations":[{"start":{"line":174,"column":12},"end":{"line":176,"column":13}},{"start":{},"end":{}}],"line":174},"7":{"loc":{"start":{"line":177,"column":12},"end":{"line":179,"column":13}},"type":"if","locations":[{"start":{"line":177,"column":12},"end":{"line":179,"column":13}},{"start":{},"end":{}}],"line":177},"8":{"loc":{"start":{"line":182,"column":12},"end":{"line":188,"column":13}},"type":"if","locations":[{"start":{"line":182,"column":12},"end":{"line":188,"column":13}},{"start":{},"end":{}}],"line":182},"9":{"loc":{"start":{"line":189,"column":12},"end":{"line":191,"column":13}},"type":"if","locations":[{"start":{"line":189,"column":12},"end":{"line":191,"column":13}},{"start":{},"end":{}}],"line":189},"10":{"loc":{"start":{"line":192,"column":12},"end":{"line":198,"column":13}},"type":"if","locations":[{"start":{"line":192,"column":12},"end":{"line":198,"column":13}},{"start":{},"end":{}}],"line":192},"11":{"loc":{"start":{"line":199,"column":12},"end":{"line":206,"column":13}},"type":"if","locations":[{"start":{"line":199,"column":12},"end":{"line":206,"column":13}},{"start":{},"end":{}}],"line":199},"12":{"loc":{"start":{"line":207,"column":12},"end":{"line":209,"column":13}},"type":"if","locations":[{"start":{"line":207,"column":12},"end":{"line":209,"column":13}},{"start":{},"end":{}}],"line":207},"13":{"loc":{"start":{"line":210,"column":12},"end":{"line":212,"column":13}},"type":"if","locations":[{"start":{"line":210,"column":12},"end":{"line":212,"column":13}},{"start":{},"end":{}}],"line":210},"14":{"loc":{"start":{"line":213,"column":12},"end":{"line":215,"column":13}},"type":"if","locations":[{"start":{"line":213,"column":12},"end":{"line":215,"column":13}},{"start":{},"end":{}}],"line":213},"15":{"loc":{"start":{"line":216,"column":12},"end":{"line":218,"column":13}},"type":"if","locations":[{"start":{"line":216,"column":12},"end":{"line":218,"column":13}},{"start":{},"end":{}}],"line":216},"16":{"loc":{"start":{"line":219,"column":12},"end":{"line":221,"column":13}},"type":"if","locations":[{"start":{"line":219,"column":12},"end":{"line":221,"column":13}},{"start":{},"end":{}}],"line":219},"17":{"loc":{"start":{"line":222,"column":12},"end":{"line":224,"column":13}},"type":"if","locations":[{"start":{"line":222,"column":12},"end":{"line":224,"column":13}},{"start":{},"end":{}}],"line":222},"18":{"loc":{"start":{"line":225,"column":12},"end":{"line":227,"column":13}},"type":"if","locations":[{"start":{"line":225,"column":12},"end":{"line":227,"column":13}},{"start":{},"end":{}}],"line":225},"19":{"loc":{"start":{"line":228,"column":12},"end":{"line":230,"column":13}},"type":"if","locations":[{"start":{"line":228,"column":12},"end":{"line":230,"column":13}},{"start":{},"end":{}}],"line":228},"20":{"loc":{"start":{"line":234,"column":12},"end":{"line":248,"column":13}},"type":"if","locations":[{"start":{"line":234,"column":12},"end":{"line":248,"column":13}},{"start":{},"end":{}}],"line":234},"21":{"loc":{"start":{"line":291,"column":4},"end":{"line":313,"column":5}},"type":"if","locations":[{"start":{"line":291,"column":4},"end":{"line":313,"column":5}},{"start":{},"end":{}}],"line":291},"22":{"loc":{"start":{"line":291,"column":8},"end":{"line":291,"column":40}},"type":"binary-expr","locations":[{"start":{"line":291,"column":8},"end":{"line":291,"column":17}},{"start":{"line":291,"column":21},"end":{"line":291,"column":40}}],"line":291},"23":{"loc":{"start":{"line":296,"column":8},"end":{"line":311,"column":9}},"type":"if","locations":[{"start":{"line":296,"column":8},"end":{"line":311,"column":9}},{"start":{"line":308,"column":15},"end":{"line":311,"column":9}}],"line":296},"24":{"loc":{"start":{"line":301,"column":12},"end":{"line":307,"column":13}},"type":"if","locations":[{"start":{"line":301,"column":12},"end":{"line":307,"column":13}},{"start":{"line":304,"column":19},"end":{"line":307,"column":13}}],"line":301},"25":{"loc":{"start":{"line":304,"column":19},"end":{"line":307,"column":13}},"type":"if","locations":[{"start":{"line":304,"column":19},"end":{"line":307,"column":13}},{"start":{},"end":{}}],"line":304},"26":{"loc":{"start":{"line":330,"column":4},"end":{"line":338,"column":5}},"type":"if","locations":[{"start":{"line":330,"column":4},"end":{"line":338,"column":5}},{"start":{},"end":{}}],"line":330},"27":{"loc":{"start":{"line":340,"column":4},"end":{"line":355,"column":5}},"type":"if","locations":[{"start":{"line":340,"column":4},"end":{"line":355,"column":5}},{"start":{"line":344,"column":11},"end":{"line":355,"column":5}}],"line":340},"28":{"loc":{"start":{"line":340,"column":8},"end":{"line":340,"column":45}},"type":"binary-expr","locations":[{"start":{"line":340,"column":8},"end":{"line":340,"column":29}},{"start":{"line":340,"column":33},"end":{"line":340,"column":45}}],"line":340},"29":{"loc":{"start":{"line":366,"column":4},"end":{"line":366,"column":28}},"type":"if","locations":[{"start":{"line":366,"column":4},"end":{"line":366,"column":28}},{"start":{},"end":{}}],"line":366},"30":{"loc":{"start":{"line":373,"column":4},"end":{"line":376,"column":5}},"type":"if","locations":[{"start":{"line":373,"column":4},"end":{"line":376,"column":5}},{"start":{},"end":{}}],"line":373},"31":{"loc":{"start":{"line":379,"column":4},"end":{"line":385,"column":5}},"type":"if","locations":[{"start":{"line":379,"column":4},"end":{"line":385,"column":5}},{"start":{},"end":{}}],"line":379},"32":{"loc":{"start":{"line":407,"column":4},"end":{"line":409,"column":5}},"type":"if","locations":[{"start":{"line":407,"column":4},"end":{"line":409,"column":5}},{"start":{},"end":{}}],"line":407},"33":{"loc":{"start":{"line":415,"column":4},"end":{"line":417,"column":5}},"type":"if","locations":[{"start":{"line":415,"column":4},"end":{"line":417,"column":5}},{"start":{},"end":{}}],"line":415},"34":{"loc":{"start":{"line":419,"column":4},"end":{"line":425,"column":5}},"type":"if","locations":[{"start":{"line":419,"column":4},"end":{"line":425,"column":5}},{"start":{},"end":{}}],"line":419},"35":{"loc":{"start":{"line":450,"column":8},"end":{"line":456,"column":9}},"type":"if","locations":[{"start":{"line":450,"column":8},"end":{"line":456,"column":9}},{"start":{},"end":{}}],"line":450},"36":{"loc":{"start":{"line":483,"column":4},"end":{"line":485,"column":5}},"type":"if","locations":[{"start":{"line":483,"column":4},"end":{"line":485,"column":5}},{"start":{},"end":{}}],"line":483},"37":{"loc":{"start":{"line":497,"column":4},"end":{"line":499,"column":5}},"type":"if","locations":[{"start":{"line":497,"column":4},"end":{"line":499,"column":5}},{"start":{},"end":{}}],"line":497},"38":{"loc":{"start":{"line":502,"column":4},"end":{"line":504,"column":5}},"type":"if","locations":[{"start":{"line":502,"column":4},"end":{"line":504,"column":5}},{"start":{},"end":{}}],"line":502},"39":{"loc":{"start":{"line":539,"column":4},"end":{"line":547,"column":5}},"type":"if","locations":[{"start":{"line":539,"column":4},"end":{"line":547,"column":5}},{"start":{"line":541,"column":11},"end":{"line":547,"column":5}}],"line":539},"40":{"loc":{"start":{"line":562,"column":8},"end":{"line":562,"column":41}},"type":"if","locations":[{"start":{"line":562,"column":8},"end":{"line":562,"column":41}},{"start":{},"end":{}}],"line":562},"41":{"loc":{"start":{"line":566,"column":8},"end":{"line":588,"column":9}},"type":"switch","locations":[{"start":{"line":567,"column":12},"end":{"line":569,"column":22}},{"start":{"line":570,"column":12},"end":{"line":572,"column":22}},{"start":{"line":573,"column":12},"end":{"line":575,"column":22}},{"start":{"line":576,"column":12},"end":{"line":578,"column":22}},{"start":{"line":579,"column":12},"end":{"line":581,"column":22}},{"start":{"line":582,"column":12},"end":{"line":584,"column":22}},{"start":{"line":585,"column":12},"end":{"line":587,"column":22}}],"line":566},"42":{"loc":{"start":{"line":590,"column":8},"end":{"line":592,"column":9}},"type":"if","locations":[{"start":{"line":590,"column":8},"end":{"line":592,"column":9}},{"start":{},"end":{}}],"line":590},"43":{"loc":{"start":{"line":609,"column":4},"end":{"line":617,"column":5}},"type":"if","locations":[{"start":{"line":609,"column":4},"end":{"line":617,"column":5}},{"start":{"line":611,"column":11},"end":{"line":617,"column":5}}],"line":609},"44":{"loc":{"start":{"line":630,"column":11},"end":{"line":630,"column":57}},"type":"binary-expr","locations":[{"start":{"line":630,"column":11},"end":{"line":630,"column":41}},{"start":{"line":630,"column":45},"end":{"line":630,"column":57}}],"line":630}},"s":{"0":0,"1":0,"2":0,"3":0,"4":0,"5":0,"6":0,"7":0,"8":0,"9":0,"10":0,"11":0,"12":0,"13":0,"14":0,"15":0,"16":0,"17":0,"18":0,"19":0,"20":0,"21":0,"22":0,"23":0,"24":0,"25":0,"26":0,"27":0,"28":0,"29":0,"30":0,"31":0,"32":0,"33":0,"34":0,"35":0,"36":0,"37":0,"38":0,"39":0,"40":0,"41":0,"42":0,"43":0,"44":0,"45":0,"46":0,"47":0,"48":0,"49":0,"50":0,"51":0,"52":0,"53":0,"54":0,"55":0,"56":0,"57":0,"58":0,"59":0,"60":0,"61":0,"62":0,"63":0,"64":0,"65":0,"66":0,"67":0,"68":0,"69":0,"70":0,"71":0,"72":0,"73":0,"74":0,"75":0,"76":0,"77":0,"78":0,"79":0,"80":0,"81":0,"82":0,"83":0,"84":0,"85":0,"86":0,"87":0,"88":0,"89":0,"90":0,"91":0,"92":0,"93":0,"94":0,"95":0,"96":0,"97":0,"98":0,"99":0,"100":0,"101":0,"102":0,"103":0,"104":0,"105":0,"106":0,"107":0,"108":0,"109":0,"110":0,"111":0,"112":0,"113":0,"114":0,"115":0,"116":0,"117":0,"118":0,"119":0,"120":0,"121":0,"122":0,"123":0,"124":0,"125":0,"126":0,"127":0,"128":0,"129":0,"130":0,"131":0,"132":0,"133":0,"134":0,"135":0,"136":0,"137":0,"138":0,"139":0,"140":0,"141":0,"142":0,"143":0,"144":0,"145":0,"146":0,"147":0,"148":0,"149":0,"150":0,"151":0,"152":0,"153":0,"154":0,"155":0,"156":0,"157":0,"158":0,"159":0,"160":0,"161":0,"162":0,"163":0,"164":0,"165":0,"166":0,"167":0,"168":0,"169":0,"170":0,"171":0,"172":0,"173":0,"174":0,"175":0,"176":0,"177":0,"178":0,"179":0,"180":0,"181":0,"182":0,"183":0,"184":0,"185":0,"186":0,"187":0,"188":0,"189":0,"190":0,"191":0,"192":0,"193":0,"194":0,"195":0,"196":0,"197":0,"198":0,"199":0,"200":0,"201":0,"202":0,"203":0,"204":0,"205":0,"206":0,"207":0,"208":0,"209":0,"210":0,"211":0,"212":0,"213":0,"214":0,"215":0,"216":0,"217":0,"218":0},"f":{"0":0,"1":0,"2":0,"3":0,"4":0,"5":0,"6":0,"7":0,"8":0,"9":0,"10":0,"11":0,"12":0,"13":0,"14":0,"15":0,"16":0,"17":0,"18":0,"19":0,"20":0,"21":0},"b":{"0":[0,0],"1":[0,0],"2":[0,0],"3":[0,0],"4":[0,0],"5":[0,0],"6":[0,0],"7":[0,0],"8":[0,0],"9":[0,0],"10":[0,0],"11":[0,0],"12":[0,0],"13":[0,0],"14":[0,0],"15":[0,0],"16":[0,0],"17":[0,0],"18":[0,0],"19":[0,0],"20":[0,0],"21":[0,0],"22":[0,0],"23":[0,0],"24":[0,0],"25":[0,0],"26":[0,0],"27":[0,0],"28":[0,0],"29":[0,0],"30":[0,0],"31":[0,0],"32":[0,0],"33":[0,0],"34":[0,0],"35":[0,0],"36":[0,0],"37":[0,0],"38":[0,0],"39":[0,0],"40":[0,0],"41":[0,0,0,0,0,0,0],"42":[0,0],"43":[0,0],"44":[0,0]}}
,"/Users/yubai/amio/amio-app/src/utils/toolsLogic.ts": {"path":"/Users/yubai/amio/amio-app/src/utils/toolsLogic.ts","statementMap":{"0":{"start":{"line":5,"column":28},"end":{"line":22,"column":1}},"1":{"start":{"line":9,"column":4},"end":{"line":9,"column":100}},"2":{"start":{"line":9,"column":32},"end":{"line":9,"column":100}},"3":{"start":{"line":11,"column":25},"end":{"line":11,"column":56}},"4":{"start":{"line":12,"column":20},"end":{"line":12,"column":42}},"5":{"start":{"line":15,"column":21},"end":{"line":15,"column":50}},"6":{"start":{"line":17,"column":4},"end":{"line":21,"column":6}},"7":{"start":{"line":25,"column":28},"end":{"line":42,"column":1}},"8":{"start":{"line":26,"column":22},"end":{"line":26,"column":79}},"9":{"start":{"line":26,"column":43},"end":{"line":26,"column":77}},"10":{"start":{"line":28,"column":30},"end":{"line":28,"column":44}},"11":{"start":{"line":29,"column":4},"end":{"line":32,"column":5}},"12":{"start":{"line":29,"column":17},"end":{"line":29,"column":45}},"13":{"start":{"line":30,"column":18},"end":{"line":30,"column":53}},"14":{"start":{"line":31,"column":8},"end":{"line":31,"column":100}},"15":{"start":{"line":34,"column":19},"end":{"line":39,"column":7}},"16":{"start":{"line":34,"column":52},"end":{"line":39,"column":5}},"17":{"start":{"line":41,"column":4},"end":{"line":41,"column":41}},"18":{"start":{"line":46,"column":34},"end":{"line":46,"column":35}},"19":{"start":{"line":51,"column":30},"end":{"line":74,"column":1}},"20":{"start":{"line":55,"column":4},"end":{"line":55,"column":108}},"21":{"start":{"line":55,"column":32},"end":{"line":55,"column":108}},"22":{"start":{"line":58,"column":29},"end":{"line":58,"column":75}},"23":{"start":{"line":59,"column":24},"end":{"line":59,"column":60}},"24":{"start":{"line":60,"column":23},"end":{"line":60,"column":56}},"25":{"start":{"line":64,"column":42},"end":{"line":66,"column":22}},"26":{"start":{"line":65,"column":34},"end":{"line":65,"column":44}},"27":{"start":{"line":69,"column":4},"end":{"line":71,"column":7}},"28":{"start":{"line":70,"column":8},"end":{"line":70,"column":40}},"29":{"start":{"line":73,"column":4},"end":{"line":73,"column":56}},"30":{"start":{"line":77,"column":39},"end":{"line":92,"column":1}},"31":{"start":{"line":83,"column":4},"end":{"line":83,"column":111}},"32":{"start":{"line":83,"column":38},"end":{"line":83,"column":111}},"33":{"start":{"line":84,"column":4},"end":{"line":84,"column":138}},"34":{"start":{"line":84,"column":65},"end":{"line":84,"column":138}},"35":{"start":{"line":85,"column":4},"end":{"line":85,"column":121}},"36":{"start":{"line":85,"column":48},"end":{"line":85,"column":121}},"37":{"start":{"line":87,"column":26},"end":{"line":87,"column":61}},"38":{"start":{"line":87,"column":50},"end":{"line":87,"column":60}},"39":{"start":{"line":88,"column":25},"end":{"line":88,"column":60}},"40":{"start":{"line":89,"column":20},"end":{"line":89,"column":48}},"41":{"start":{"line":91,"column":4},"end":{"line":91,"column":53}}},"fnMap":{"0":{"name":"(anonymous_0)","decl":{"start":{"line":5,"column":28},"end":{"line":5,"column":29}},"loc":{"start":{"line":8,"column":70},"end":{"line":22,"column":1}},"line":8},"1":{"name":"(anonymous_1)","decl":{"start":{"line":25,"column":28},"end":{"line":25,"column":29}},"loc":{"start":{"line":25,"column":68},"end":{"line":42,"column":1}},"line":25},"2":{"name":"(anonymous_2)","decl":{"start":{"line":26,"column":37},"end":{"line":26,"column":38}},"loc":{"start":{"line":26,"column":43},"end":{"line":26,"column":77}},"line":26},"3":{"name":"(anonymous_3)","decl":{"start":{"line":34,"column":34},"end":{"line":34,"column":35}},"loc":{"start":{"line":34,"column":52},"end":{"line":39,"column":5}},"line":34},"4":{"name":"(anonymous_4)","decl":{"start":{"line":51,"column":30},"end":{"line":51,"column":31}},"loc":{"start":{"line":54,"column":82},"end":{"line":74,"column":1}},"line":54},"5":{"name":"(anonymous_5)","decl":{"start":{"line":65,"column":25},"end":{"line":65,"column":26}},"loc":{"start":{"line":65,"column":34},"end":{"line":65,"column":44}},"line":65},"6":{"name":"(anonymous_6)","decl":{"start":{"line":69,"column":24},"end":{"line":69,"column":25}},"loc":{"start":{"line":69,"column":41},"end":{"line":71,"column":5}},"line":69},"7":{"name":"(anonymous_7)","decl":{"start":{"line":77,"column":39},"end":{"line":77,"column":40}},"loc":{"start":{"line":82,"column":79},"end":{"line":92,"column":1}},"line":82},"8":{"name":"(anonymous_8)","decl":{"start":{"line":87,"column":41},"end":{"line":87,"column":42}},"loc":{"start":{"line":87,"column":50},"end":{"line":87,"column":60}},"line":87}},"branchMap":{"0":{"loc":{"start":{"line":9,"column":4},"end":{"line":9,"column":100}},"type":"if","locations":[{"start":{"line":9,"column":4},"end":{"line":9,"column":100}},{"start":{},"end":{}}],"line":9},"1":{"loc":{"start":{"line":55,"column":4},"end":{"line":55,"column":108}},"type":"if","locations":[{"start":{"line":55,"column":4},"end":{"line":55,"column":108}},{"start":{},"end":{}}],"line":55},"2":{"loc":{"start":{"line":64,"column":42},"end":{"line":66,"column":22}},"type":"cond-expr","locations":[{"start":{"line":65,"column":10},"end":{"line":65,"column":45}},{"start":{"line":66,"column":10},"end":{"line":66,"column":22}}],"line":64},"3":{"loc":{"start":{"line":83,"column":4},"end":{"line":83,"column":111}},"type":"if","locations":[{"start":{"line":83,"column":4},"end":{"line":83,"column":111}},{"start":{},"end":{}}],"line":83},"4":{"loc":{"start":{"line":84,"column":4},"end":{"line":84,"column":138}},"type":"if","locations":[{"start":{"line":84,"column":4},"end":{"line":84,"column":138}},{"start":{},"end":{}}],"line":84},"5":{"loc":{"start":{"line":84,"column":8},"end":{"line":84,"column":63}},"type":"binary-expr","locations":[{"start":{"line":84,"column":8},"end":{"line":84,"column":25}},{"start":{"line":84,"column":29},"end":{"line":84,"column":63}}],"line":84},"6":{"loc":{"start":{"line":85,"column":4},"end":{"line":85,"column":121}},"type":"if","locations":[{"start":{"line":85,"column":4},"end":{"line":85,"column":121}},{"start":{},"end":{}}],"line":85}},"s":{"0":0,"1":0,"2":0,"3":0,"4":0,"5":0,"6":0,"7":0,"8":0,"9":0,"10":0,"11":0,"12":0,"13":0,"14":0,"15":0,"16":0,"17":0,"18":0,"19":0,"20":0,"21":0,"22":0,"23":0,"24":0,"25":0,"26":0,"27":0,"28":0,"29":0,"30":0,"31":0,"32":0,"33":0,"34":0,"35":0,"36":0,"37":0,"38":0,"39":0,"40":0,"41":0},"f":{"0":0,"1":0,"2":0,"3":0,"4":0,"5":0,"6":0,"7":0,"8":0},"b":{"0":[0,0],"1":[0,0],"2":[0,0],"3":[0,0],"4":[0,0],"5":[0,0],"6":[0,0]}}
}
