TN:
SF:src/app.config.ts
FNF:0
FNH:0
LF:0
LH:0
BRF:0
BRH:0
end_of_record
TN:
SF:src/components/PlanetView/index.ts
FNF:0
FNH:0
LF:0
LH:0
BRF:0
BRH:0
end_of_record
TN:
SF:src/components/StarTrail/index.ts
FNF:0
FNH:0
LF:0
LH:0
BRF:0
BRH:0
end_of_record
TN:
SF:src/components/WorldScene/index.ts
FNF:0
FNH:0
LF:0
LH:0
BRF:0
BRH:0
end_of_record
TN:
SF:src/constants/game.ts
FNF:0
FNH:0
DA:23,1
LF:1
LH:1
BRF:0
BRH:0
end_of_record
TN:
SF:src/constants/icons.ts
FNF:0
FNH:0
DA:1,0
LF:1
LH:0
BRF:0
BRH:0
end_of_record
TN:
SF:src/constants/storyData.ts
FN:67,(anonymous_0)
FN:68,(anonymous_1)
FN:74,(anonymous_2)
FNF:3
FNH:0
FNDA:0,(anonymous_0)
FNDA:0,(anonymous_1)
FNDA:0,(anonymous_2)
DA:18,0
DA:67,0
DA:68,0
DA:74,0
DA:75,0
LF:5
LH:0
BRDA:68,0,0,0
BRDA:68,0,1,0
BRF:2
BRH:0
end_of_record
TN:
SF:src/constants/themes.ts
FN:45,(anonymous_0)
FN:46,(anonymous_1)
FNF:2
FNH:0
FNDA:0,(anonymous_0)
FNDA:0,(anonymous_1)
DA:18,0
DA:45,0
DA:46,0
LF:3
LH:0
BRDA:46,0,0,0
BRDA:46,0,1,0
BRF:2
BRH:0
end_of_record
TN:
SF:src/hooks/useTheme.ts
FN:9,applyTabBarStyle
FN:23,useTheme
FN:24,(anonymous_2)
FN:28,(anonymous_3)
FN:36,(anonymous_4)
FN:37,(anonymous_5)
FN:41,(anonymous_6)
FN:47,(anonymous_7)
FNF:8
FNH:0
FNDA:0,applyTabBarStyle
FNDA:0,useTheme
FNDA:0,(anonymous_2)
FNDA:0,(anonymous_3)
FNDA:0,(anonymous_4)
FNDA:0,(anonymous_5)
FNDA:0,(anonymous_6)
FNDA:0,(anonymous_7)
DA:7,0
DA:10,0
DA:11,0
DA:12,0
DA:19,0
DA:24,0
DA:26,0
DA:28,0
DA:29,0
DA:30,0
DA:31,0
DA:32,0
DA:36,0
DA:37,0
DA:38,0
DA:40,0
DA:41,0
DA:42,0
DA:47,0
DA:48,0
DA:52,0
LF:21
LH:0
BRF:0
BRH:0
end_of_record
TN:
SF:src/pages/index/index.config.ts
FNF:0
FNH:0
LF:0
LH:0
BRF:0
BRH:0
end_of_record
TN:
SF:src/utils/chestLogic.ts
FN:15,calculateChestLevel
FN:50,getChestLevelInfo
FN:70,getChestRewardDetails
FN:103,upgradeChestForHero
FN:119,createInitialStats
FN:132,generateRewardsFromChest
FNF:6
FNH:2
FNDA:27,calculateChestLevel
FNDA:0,getChestLevelInfo
FNDA:0,getChestRewardDetails
FNDA:4,upgradeChestForHero
FNDA:0,createInitialStats
FNDA:0,generateRewardsFromChest
DA:16,27
DA:19,27
DA:20,4
DA:21,3
DA:22,2
DA:26,23
DA:27,4
DA:28,2
DA:32,19
DA:33,4
DA:34,1
DA:38,15
DA:39,8
DA:40,4
DA:44,7
DA:55,0
DA:57,0
DA:59,0
DA:61,0
DA:63,0
DA:76,0
DA:78,0
DA:82,0
DA:86,0
DA:90,0
DA:104,4
DA:106,1
DA:108,1
DA:110,1
DA:112,1
DA:120,0
DA:133,0
DA:134,0
DA:137,0
DA:138,0
DA:142,0
DA:143,0
DA:147,0
DA:148,0
DA:150,0
DA:151,0
DA:153,0
DA:154,0
DA:157,0
DA:162,0
DA:163,0
DA:164,0
DA:165,0
DA:166,0
DA:167,0
DA:170,0
DA:174,0
LF:52
LH:20
BRDA:19,0,0,4
BRDA:19,0,1,23
BRDA:20,1,0,1
BRDA:20,1,1,3
BRDA:21,2,0,1
BRDA:21,2,1,2
BRDA:26,3,0,4
BRDA:26,3,1,19
BRDA:27,4,0,2
BRDA:27,4,1,2
BRDA:32,5,0,4
BRDA:32,5,1,15
BRDA:33,6,0,3
BRDA:33,6,1,1
BRDA:38,7,0,8
BRDA:38,7,1,7
BRDA:38,8,0,15
BRDA:38,8,1,14
BRDA:39,9,0,4
BRDA:39,9,1,4
BRDA:55,10,0,0
BRDA:55,10,1,0
BRDA:55,10,2,0
BRDA:55,10,3,0
BRDA:76,11,0,0
BRDA:76,11,1,0
BRDA:76,11,2,0
BRDA:76,11,3,0
BRDA:104,12,0,1
BRDA:104,12,1,1
BRDA:104,12,2,1
BRDA:104,12,3,1
BRDA:137,13,0,0
BRDA:137,13,1,0
BRDA:142,14,0,0
BRDA:142,14,1,0
BRDA:147,15,0,0
BRDA:147,15,1,0
BRDA:148,16,0,0
BRDA:148,16,1,0
BRDA:151,17,0,0
BRDA:151,17,1,0
BRDA:154,18,0,0
BRDA:154,18,1,0
BRDA:162,19,0,0
BRDA:162,19,1,0
BRDA:163,20,0,0
BRDA:163,20,1,0
BRDA:165,21,0,0
BRDA:165,21,1,0
BRDA:167,22,0,0
BRDA:167,22,1,0
BRF:52
BRH:24
end_of_record
TN:
SF:src/utils/dailyLevel.ts
FN:5,(anonymous_0)
FN:16,(anonymous_1)
FN:18,(anonymous_2)
FN:25,(anonymous_3)
FN:39,(anonymous_4)
FN:52,(anonymous_5)
FN:58,(anonymous_6)
FN:76,(anonymous_7)
FN:89,(anonymous_8)
FNF:9
FNH:0
FNDA:0,(anonymous_0)
FNDA:0,(anonymous_1)
FNDA:0,(anonymous_2)
FNDA:0,(anonymous_3)
FNDA:0,(anonymous_4)
FNDA:0,(anonymous_5)
FNDA:0,(anonymous_6)
FNDA:0,(anonymous_7)
FNDA:0,(anonymous_8)
DA:5,0
DA:6,0
DA:7,0
DA:8,0
DA:9,0
DA:10,0
DA:12,0
DA:16,0
DA:17,0
DA:18,0
DA:19,0
DA:20,0
DA:25,0
DA:26,0
DA:27,0
DA:28,0
DA:39,0
DA:40,0
DA:41,0
DA:43,0
DA:44,0
DA:52,0
DA:54,0
DA:58,0
DA:59,0
DA:60,0
DA:63,0
DA:64,0
DA:65,0
DA:66,0
DA:70,0
DA:71,0
DA:72,0
DA:76,0
DA:85,0
DA:89,0
DA:90,0
DA:91,0
DA:92,0
DA:93,0
LF:40
LH:0
BRDA:39,0,0,0
BRDA:78,1,0,0
BRDA:78,1,1,0
BRDA:89,2,0,0
BRF:4
BRH:0
end_of_record
TN:
SF:src/utils/energyLogic.ts
FN:19,getStreakMultiplier
FN:27,calculatePowerCoreEnergy
FN:57,calculateTotalContribution
FN:62,determineLandingBatch
FN:70,getPlanetStage
FN:91,syncPlanetProgress
FN:97,(anonymous_6)
FN:98,(anonymous_7)
FNF:8
FNH:0
FNDA:0,getStreakMultiplier
FNDA:0,calculatePowerCoreEnergy
FNDA:0,calculateTotalContribution
FNDA:0,determineLandingBatch
FNDA:0,getPlanetStage
FNDA:0,syncPlanetProgress
FNDA:0,(anonymous_6)
FNDA:0,(anonymous_7)
DA:5,0
DA:11,0
DA:20,0
DA:21,0
DA:22,0
DA:23,0
DA:32,0
DA:33,0
DA:34,0
DA:36,0
DA:40,0
DA:50,0
DA:58,0
DA:63,0
DA:64,0
DA:65,0
DA:66,0
DA:71,0
DA:72,0
DA:73,0
DA:74,0
DA:75,0
DA:76,0
DA:80,0
DA:97,0
DA:98,0
DA:99,0
LF:27
LH:0
BRDA:20,0,0,0
BRDA:20,0,1,0
BRDA:21,1,0,0
BRDA:21,1,1,0
BRDA:22,2,0,0
BRDA:22,2,1,0
BRDA:32,3,0,0
BRDA:32,3,1,0
BRDA:63,4,0,0
BRDA:63,4,1,0
BRDA:64,5,0,0
BRDA:64,5,1,0
BRDA:65,6,0,0
BRDA:65,6,1,0
BRDA:71,7,0,0
BRDA:71,7,1,0
BRDA:72,8,0,0
BRDA:72,8,1,0
BRDA:73,9,0,0
BRDA:73,9,1,0
BRDA:74,10,0,0
BRDA:74,10,1,0
BRDA:75,11,0,0
BRDA:75,11,1,0
BRF:24
BRH:0
end_of_record
TN:
SF:src/utils/gameLogic.ts
FN:7,(anonymous_0)
FN:8,(anonymous_1)
FN:22,(anonymous_2)
FN:23,(anonymous_3)
FN:29,(anonymous_4)
FN:53,(anonymous_5)
FN:58,(anonymous_6)
FN:61,(anonymous_7)
FN:65,(anonymous_8)
FN:71,(anonymous_9)
FNF:10
FNH:0
FNDA:0,(anonymous_0)
FNDA:0,(anonymous_1)
FNDA:0,(anonymous_2)
FNDA:0,(anonymous_3)
FNDA:0,(anonymous_4)
FNDA:0,(anonymous_5)
FNDA:0,(anonymous_6)
FNDA:0,(anonymous_7)
FNDA:0,(anonymous_8)
FNDA:0,(anonymous_9)
DA:4,0
DA:5,0
DA:7,0
DA:8,0
DA:9,0
DA:10,0
DA:15,0
DA:16,0
DA:18,0
DA:22,0
DA:23,0
DA:29,0
DA:30,0
DA:31,0
DA:32,0
DA:34,0
DA:35,0
DA:37,0
DA:41,0
DA:53,0
DA:55,0
DA:58,0
DA:60,0
DA:61,0
DA:62,0
DA:65,0
DA:67,0
DA:70,0
DA:71,0
DA:72,0
DA:73,0
DA:74,0
DA:76,0
DA:78,0
DA:81,0
LF:35
LH:0
BRDA:9,0,0,0
BRDA:9,0,1,0
BRDA:10,1,0,0
BRDA:10,1,1,0
BRDA:18,2,0,0
BRDA:18,2,1,0
BRDA:29,3,0,0
BRDA:62,4,0,0
BRDA:62,4,1,0
BRDA:67,5,0,0
BRDA:67,5,1,0
BRDA:72,6,0,0
BRDA:72,6,1,0
BRDA:72,7,0,0
BRDA:72,7,1,0
BRF:15
BRH:0
end_of_record
TN:
SF:src/utils/heroLevel.ts
FN:27,(anonymous_0)
FN:29,(anonymous_1)
FN:44,(anonymous_2)
FN:60,(anonymous_3)
FN:69,(anonymous_4)
FN:91,(anonymous_5)
FN:106,(anonymous_6)
FNF:7
FNH:0
FNDA:0,(anonymous_0)
FNDA:0,(anonymous_1)
FNDA:0,(anonymous_2)
FNDA:0,(anonymous_3)
FNDA:0,(anonymous_4)
FNDA:0,(anonymous_5)
FNDA:0,(anonymous_6)
DA:17,0
DA:27,0
DA:28,0
DA:29,0
DA:30,0
DA:31,0
DA:44,0
DA:45,0
DA:46,0
DA:49,0
DA:51,0
DA:52,0
DA:60,0
DA:62,0
DA:69,0
DA:71,0
DA:73,0
DA:75,0
DA:78,0
DA:79,0
DA:80,0
DA:81,0
DA:85,0
DA:86,0
DA:87,0
DA:91,0
DA:100,0
DA:106,0
DA:107,0
DA:108,0
LF:30
LH:0
BRDA:93,0,0,0
BRDA:93,0,1,0
BRF:2
BRH:0
end_of_record
TN:
SF:src/utils/storage.ts
FN:73,(anonymous_0)
FN:81,(anonymous_1)
FN:96,(anonymous_2)
FN:150,(anonymous_3)
FN:260,(anonymous_4)
FN:272,(anonymous_5)
FN:322,(anonymous_6)
FN:362,(anonymous_7)
FN:399,(anonymous_8)
FN:437,(anonymous_9)
FN:465,(anonymous_10)
FN:478,(anonymous_11)
FN:493,(anonymous_12)
FN:512,(anonymous_13)
FN:521,updateEnergyAfterGame
FN:537,(anonymous_15)
FN:558,checkMilestones
FN:561,(anonymous_17)
FN:599,addWisdomCrystal
FN:607,(anonymous_19)
FN:628,(anonymous_20)
FN:636,(anonymous_21)
FNF:22
FNH:0
FNDA:0,(anonymous_0)
FNDA:0,(anonymous_1)
FNDA:0,(anonymous_2)
FNDA:0,(anonymous_3)
FNDA:0,(anonymous_4)
FNDA:0,(anonymous_5)
FNDA:0,(anonymous_6)
FNDA:0,(anonymous_7)
FNDA:0,(anonymous_8)
FNDA:0,(anonymous_9)
FNDA:0,(anonymous_10)
FNDA:0,(anonymous_11)
FNDA:0,(anonymous_12)
FNDA:0,(anonymous_13)
FNDA:0,updateEnergyAfterGame
FNDA:0,(anonymous_15)
FNDA:0,checkMilestones
FNDA:0,(anonymous_17)
FNDA:0,addWisdomCrystal
FNDA:0,(anonymous_19)
FNDA:0,(anonymous_20)
FNDA:0,(anonymous_21)
DA:68,0
DA:73,0
DA:74,0
DA:75,0
DA:81,0
DA:82,0
DA:96,0
DA:97,0
DA:98,0
DA:150,0
DA:151,0
DA:152,0
DA:153,0
DA:154,0
DA:157,0
DA:158,0
DA:159,0
DA:160,0
DA:161,0
DA:166,0
DA:167,0
DA:171,0
DA:172,0
DA:174,0
DA:175,0
DA:177,0
DA:178,0
DA:182,0
DA:183,0
DA:189,0
DA:190,0
DA:192,0
DA:193,0
DA:199,0
DA:200,0
DA:207,0
DA:208,0
DA:210,0
DA:211,0
DA:213,0
DA:214,0
DA:216,0
DA:217,0
DA:219,0
DA:220,0
DA:222,0
DA:223,0
DA:225,0
DA:226,0
DA:228,0
DA:229,0
DA:233,0
DA:234,0
DA:236,0
DA:246,0
DA:247,0
DA:249,0
DA:252,0
DA:254,0
DA:260,0
DA:261,0
DA:262,0
DA:264,0
DA:272,0
DA:279,0
DA:280,0
DA:281,0
DA:282,0
DA:284,0
DA:285,0
DA:286,0
DA:287,0
DA:288,0
DA:291,0
DA:293,0
DA:296,0
DA:297,0
DA:298,0
DA:299,0
DA:301,0
DA:303,0
DA:304,0
DA:306,0
DA:310,0
DA:312,0
DA:315,0
DA:322,0
DA:323,0
DA:324,0
DA:325,0
DA:329,0
DA:330,0
DA:331,0
DA:332,0
DA:337,0
DA:340,0
DA:342,0
DA:343,0
DA:346,0
DA:347,0
DA:348,0
DA:356,0
DA:362,0
DA:363,0
DA:364,0
DA:366,0
DA:368,0
DA:369,0
DA:370,0
DA:373,0
DA:374,0
DA:375,0
DA:379,0
DA:380,0
DA:381,0
DA:383,0
DA:384,0
DA:388,0
DA:389,0
DA:390,0
DA:391,0
DA:393,0
DA:399,0
DA:404,0
DA:405,0
DA:407,0
DA:408,0
DA:411,0
DA:412,0
DA:413,0
DA:415,0
DA:416,0
DA:419,0
DA:420,0
DA:427,0
DA:437,0
DA:442,0
DA:449,0
DA:450,0
DA:451,0
DA:459,0
DA:465,0
DA:466,0
DA:467,0
DA:468,0
DA:469,0
DA:471,0
DA:478,0
DA:479,0
DA:480,0
DA:483,0
DA:484,0
DA:487,0
DA:493,0
DA:494,0
DA:497,0
DA:498,0
DA:502,0
DA:503,0
DA:506,0
DA:512,0
DA:513,0
DA:514,0
DA:515,0
DA:526,0
DA:529,0
DA:532,0
DA:533,0
DA:536,0
DA:537,0
DA:539,0
DA:540,0
DA:542,0
DA:550,0
DA:552,0
DA:559,0
DA:561,0
DA:562,0
DA:564,0
DA:566,0
DA:568,0
DA:569,0
DA:571,0
DA:572,0
DA:574,0
DA:575,0
DA:577,0
DA:578,0
DA:580,0
DA:581,0
DA:583,0
DA:584,0
DA:586,0
DA:587,0
DA:590,0
DA:591,0
DA:600,0
DA:602,0
DA:603,0
DA:606,0
DA:607,0
DA:609,0
DA:610,0
DA:612,0
DA:619,0
DA:620,0
DA:626,0
DA:628,0
DA:629,0
DA:630,0
DA:632,0
DA:636,0
DA:637,0
DA:638,0
DA:640,0
LF:215
LH:0
BRDA:153,0,0,0
BRDA:153,0,1,0
BRDA:157,1,0,0
BRDA:157,1,1,0
BRDA:159,2,0,0
BRDA:159,2,1,0
BRDA:159,3,0,0
BRDA:159,3,1,0
BRDA:166,4,0,0
BRDA:166,4,1,0
BRDA:171,5,0,0
BRDA:171,5,1,0
BRDA:174,6,0,0
BRDA:174,6,1,0
BRDA:177,7,0,0
BRDA:177,7,1,0
BRDA:182,8,0,0
BRDA:182,8,1,0
BRDA:189,9,0,0
BRDA:189,9,1,0
BRDA:192,10,0,0
BRDA:192,10,1,0
BRDA:199,11,0,0
BRDA:199,11,1,0
BRDA:207,12,0,0
BRDA:207,12,1,0
BRDA:210,13,0,0
BRDA:210,13,1,0
BRDA:213,14,0,0
BRDA:213,14,1,0
BRDA:216,15,0,0
BRDA:216,15,1,0
BRDA:219,16,0,0
BRDA:219,16,1,0
BRDA:222,17,0,0
BRDA:222,17,1,0
BRDA:225,18,0,0
BRDA:225,18,1,0
BRDA:228,19,0,0
BRDA:228,19,1,0
BRDA:234,20,0,0
BRDA:234,20,1,0
BRDA:291,21,0,0
BRDA:291,21,1,0
BRDA:291,22,0,0
BRDA:291,22,1,0
BRDA:296,23,0,0
BRDA:296,23,1,0
BRDA:301,24,0,0
BRDA:301,24,1,0
BRDA:304,25,0,0
BRDA:304,25,1,0
BRDA:330,26,0,0
BRDA:330,26,1,0
BRDA:340,27,0,0
BRDA:340,27,1,0
BRDA:340,28,0,0
BRDA:340,28,1,0
BRDA:366,29,0,0
BRDA:366,29,1,0
BRDA:373,30,0,0
BRDA:373,30,1,0
BRDA:379,31,0,0
BRDA:379,31,1,0
BRDA:407,32,0,0
BRDA:407,32,1,0
BRDA:415,33,0,0
BRDA:415,33,1,0
BRDA:419,34,0,0
BRDA:419,34,1,0
BRDA:450,35,0,0
BRDA:450,35,1,0
BRDA:483,36,0,0
BRDA:483,36,1,0
BRDA:497,37,0,0
BRDA:497,37,1,0
BRDA:502,38,0,0
BRDA:502,38,1,0
BRDA:539,39,0,0
BRDA:539,39,1,0
BRDA:562,40,0,0
BRDA:562,40,1,0
BRDA:566,41,0,0
BRDA:566,41,1,0
BRDA:566,41,2,0
BRDA:566,41,3,0
BRDA:566,41,4,0
BRDA:566,41,5,0
BRDA:566,41,6,0
BRDA:590,42,0,0
BRDA:590,42,1,0
BRDA:609,43,0,0
BRDA:609,43,1,0
BRDA:630,44,0,0
BRDA:630,44,1,0
BRF:95
BRH:0
end_of_record
TN:
SF:src/utils/toolsLogic.ts
FN:5,(anonymous_0)
FN:25,(anonymous_1)
FN:26,(anonymous_2)
FN:34,(anonymous_3)
FN:51,(anonymous_4)
FN:65,(anonymous_5)
FN:69,(anonymous_6)
FN:77,(anonymous_7)
FN:87,(anonymous_8)
FNF:9
FNH:0
FNDA:0,(anonymous_0)
FNDA:0,(anonymous_1)
FNDA:0,(anonymous_2)
FNDA:0,(anonymous_3)
FNDA:0,(anonymous_4)
FNDA:0,(anonymous_5)
FNDA:0,(anonymous_6)
FNDA:0,(anonymous_7)
FNDA:0,(anonymous_8)
DA:5,0
DA:9,0
DA:11,0
DA:12,0
DA:15,0
DA:17,0
DA:25,0
DA:26,0
DA:28,0
DA:29,0
DA:30,0
DA:31,0
DA:34,0
DA:41,0
DA:46,0
DA:51,0
DA:55,0
DA:58,0
DA:59,0
DA:60,0
DA:64,0
DA:65,0
DA:69,0
DA:70,0
DA:73,0
DA:77,0
DA:83,0
DA:84,0
DA:85,0
DA:87,0
DA:88,0
DA:89,0
DA:91,0
LF:33
LH:0
BRDA:9,0,0,0
BRDA:9,0,1,0
BRDA:55,1,0,0
BRDA:55,1,1,0
BRDA:64,2,0,0
BRDA:64,2,1,0
BRDA:83,3,0,0
BRDA:83,3,1,0
BRDA:84,4,0,0
BRDA:84,4,1,0
BRDA:84,5,0,0
BRDA:84,5,1,0
BRDA:85,6,0,0
BRDA:85,6,1,0
BRF:14
BRH:0
end_of_record
